# JRE version: Java(TM) SE Runtime Environment (8.0_201-b09) (build 1.8.0_201-b09)
# Java VM: Java HotSpot(TM) 64-Bit Server VM (25.201-b09 mixed mode windows-amd64 compressed oops)
Heap:
 PSYoungGen      total 74752K, used 42814K [0x000000076d000000, 0x0000000772300000, 0x00000007c0000000)
  eden space 64512K, 50% used [0x000000076d000000,0x000000076efd47a0,0x0000000770f00000)
  from space 10240K, 99% used [0x0000000771900000,0x00000007722fb1b8,0x0000000772300000)
  to   space 10240K, 0% used [0x0000000770f00000,0x0000000770f00000,0x0000000771900000)
 ParOldGen       total 91648K, used 21187K [0x00000006c7000000, 0x00000006cc980000, 0x000000076d000000)
  object space 91648K, 23% used [0x00000006c7000000,0x00000006c84b0ea8,0x00000006cc980000)
 Metaspace       used 26286K, capacity 28196K, committed 28416K, reserved 1073152K
  class space    used 3616K, capacity 3973K, committed 4096K, reserved 1048576K
GC Heap History (6 events):
Event: 9.586 GC heap before
{Heap before GC invocations=1 (full 0):
 PSYoungGen      total 74752K, used 61896K [0x000000076d000000, 0x0000000772300000, 0x00000007c0000000)
  eden space 64512K, 95% used [0x000000076d000000,0x0000000770c72120,0x0000000770f00000)
  from space 10240K, 0% used [0x0000000771900000,0x0000000771900000,0x0000000772300000)
  to   space 10240K, 0% used [0x0000000770f00000,0x0000000770f00000,0x0000000771900000)
 ParOldGen       total 171008K, used 0K [0x00000006c7000000, 0x00000006d1700000, 0x000000076d000000)
  object space 171008K, 0% used [0x00000006c7000000,0x00000006c7000000,0x00000006d1700000)
 Metaspace       used 20194K, capacity 21160K, committed 21296K, reserved 1067008K
  class space    used 2883K, capacity 3119K, committed 3200K, reserved 1048576K
Event: 9.598 GC heap after
Heap after GC invocations=1 (full 0):
 PSYoungGen      total 74752K, used 9822K [0x000000076d000000, 0x0000000772300000, 0x00000007c0000000)
  eden space 64512K, 0% used [0x000000076d000000,0x000000076d000000,0x0000000770f00000)
  from space 10240K, 95% used [0x0000000770f00000,0x00000007718978d8,0x0000000771900000)
  to   space 10240K, 0% used [0x0000000771900000,0x0000000771900000,0x0000000772300000)
 ParOldGen       total 171008K, used 9809K [0x00000006c7000000, 0x00000006d1700000, 0x000000076d000000)
  object space 171008K, 5% used [0x00000006c7000000,0x00000006c7994440,0x00000006d1700000)
 Metaspace       used 20194K, capacity 21160K, committed 21296K, reserved 1067008K
  class space    used 2883K, capacity 3119K, committed 3200K, reserved 1048576K
}
Event: 9.598 GC heap before
{Heap before GC invocations=2 (full 1):
 PSYoungGen      total 74752K, used 9822K [0x000000076d000000, 0x0000000772300000, 0x00000007c0000000)
  eden space 64512K, 0% used [0x000000076d000000,0x000000076d000000,0x0000000770f00000)
  from space 10240K, 95% used [0x0000000770f00000,0x00000007718978d8,0x0000000771900000)
  to   space 10240K, 0% used [0x0000000771900000,0x0000000771900000,0x0000000772300000)
 ParOldGen       total 171008K, used 9809K [0x00000006c7000000, 0x00000006d1700000, 0x000000076d000000)
  object space 171008K, 5% used [0x00000006c7000000,0x00000006c7994440,0x00000006d1700000)
 Metaspace       used 20194K, capacity 21160K, committed 21296K, reserved 1067008K
  class space    used 2883K, capacity 3119K, committed 3200K, reserved 1048576K
Event: 9.627 GC heap after
Heap after GC invocations=2 (full 1):
 PSYoungGen      total 74752K, used 0K [0x000000076d000000, 0x0000000772300000, 0x00000007c0000000)
  eden space 64512K, 0% used [0x000000076d000000,0x000000076d000000,0x0000000770f00000)
  from space 10240K, 0% used [0x0000000770f00000,0x0000000770f00000,0x0000000771900000)
  to   space 10240K, 0% used [0x0000000771900000,0x0000000771900000,0x0000000772300000)
 ParOldGen       total 91648K, used 17294K [0x00000006c7000000, 0x00000006cc980000, 0x000000076d000000)
  object space 91648K, 18% used [0x00000006c7000000,0x00000006c80e3898,0x00000006cc980000)
 Metaspace       used 20194K, capacity 21160K, committed 21296K, reserved 1067008K
  class space    used 2883K, capacity 3119K, committed 3200K, reserved 1048576K
}
Event: 22.159 GC heap before
{Heap before GC invocations=3 (full 1):
 PSYoungGen      total 74752K, used 64512K [0x000000076d000000, 0x0000000772300000, 0x00000007c0000000)
  eden space 64512K, 100% used [0x000000076d000000,0x0000000770f00000,0x0000000770f00000)
  from space 10240K, 0% used [0x0000000770f00000,0x0000000770f00000,0x0000000771900000)
  to   space 10240K, 0% used [0x0000000771900000,0x0000000771900000,0x0000000772300000)
 ParOldGen       total 91648K, used 17294K [0x00000006c7000000, 0x00000006cc980000, 0x000000076d000000)
  object space 91648K, 18% used [0x00000006c7000000,0x00000006c80e3898,0x00000006cc980000)
 Metaspace       used 25056K, capacity 26708K, committed 26880K, reserved 1073152K
  class space    used 3467K, capacity 3791K, committed 3840K, reserved 1048576K
Event: 22.173 GC heap after
Heap after GC invocations=3 (full 1):
 PSYoungGen      total 74752K, used 10220K [0x000000076d000000, 0x0000000772300000, 0x00000007c0000000)
  eden space 64512K, 0% used [0x000000076d000000,0x000000076d000000,0x0000000770f00000)
  from space 10240K, 99% used [0x0000000771900000,0x00000007722fb1b8,0x0000000772300000)
  to   space 10240K, 0% used [0x0000000770f00000,0x0000000770f00000,0x0000000771900000)
 ParOldGen       total 91648K, used 21187K [0x00000006c7000000, 0x00000006cc980000, 0x000000076d000000)
  object space 91648K, 23% used [0x00000006c7000000,0x00000006c84b0ea8,0x00000006cc980000)
 Metaspace       used 25056K, capacity 26708K, committed 26880K, reserved 1073152K
  class space    used 3467K, capacity 3791K, committed 3840K, reserved 1048576K
}

