# JRE version: Java(TM) SE Runtime Environment (8.0_201-b09) (build 1.8.0_201-b09)
# Java VM: Java HotSpot(TM) 64-Bit Server VM (25.201-b09 mixed mode windows-amd64 compressed oops)
Heap:
 PSYoungGen      total 74752K, used 17892K [0x000000076d000000, 0x0000000772300000, 0x00000007c0000000)
  eden space 64512K, 11% used [0x000000076d000000,0x000000076d77a8e8,0x0000000770f00000)
  from space 10240K, 99% used [0x0000000770f00000,0x00000007718feac0,0x0000000771900000)
  to   space 10240K, 0% used [0x0000000771900000,0x0000000771900000,0x0000000772300000)
 ParOldGen       total 127488K, used 27248K [0x00000006c7000000, 0x00000006cec80000, 0x000000076d000000)
  object space 127488K, 21% used [0x00000006c7000000,0x00000006c8a9c058,0x00000006cec80000)
 Metaspace       used 30177K, capacity 31972K, committed 32000K, reserved 1077248K
  class space    used 4004K, capacity 4325K, committed 4352K, reserved 1048576K
GC Heap History (8 events):
Event: 1.810 GC heap before
{Heap before GC invocations=1 (full 0):
 PSYoungGen      total 74752K, used 53422K [0x000000076d000000, 0x0000000772300000, 0x00000007c0000000)
  eden space 64512K, 82% used [0x000000076d000000,0x000000077042b8d0,0x0000000770f00000)
  from space 10240K, 0% used [0x0000000771900000,0x0000000771900000,0x0000000772300000)
  to   space 10240K, 0% used [0x0000000770f00000,0x0000000770f00000,0x0000000771900000)
 ParOldGen       total 171008K, used 0K [0x00000006c7000000, 0x00000006d1700000, 0x000000076d000000)
  object space 171008K, 0% used [0x00000006c7000000,0x00000006c7000000,0x00000006d1700000)
 Metaspace       used 20289K, capacity 21232K, committed 21296K, reserved 1067008K
  class space    used 2909K, capacity 3137K, committed 3200K, reserved 1048576K
Event: 1.822 GC heap after
Heap after GC invocations=1 (full 0):
 PSYoungGen      total 74752K, used 10228K [0x000000076d000000, 0x0000000772300000, 0x00000007c0000000)
  eden space 64512K, 0% used [0x000000076d000000,0x000000076d000000,0x0000000770f00000)
  from space 10240K, 99% used [0x0000000770f00000,0x00000007718fd1c0,0x0000000771900000)
  to   space 10240K, 0% used [0x0000000771900000,0x0000000771900000,0x0000000772300000)
 ParOldGen       total 171008K, used 4266K [0x00000006c7000000, 0x00000006d1700000, 0x000000076d000000)
  object space 171008K, 2% used [0x00000006c7000000,0x00000006c742a9b0,0x00000006d1700000)
 Metaspace       used 20289K, capacity 21232K, committed 21296K, reserved 1067008K
  class space    used 2909K, capacity 3137K, committed 3200K, reserved 1048576K
}
Event: 1.822 GC heap before
{Heap before GC invocations=2 (full 1):
 PSYoungGen      total 74752K, used 10228K [0x000000076d000000, 0x0000000772300000, 0x00000007c0000000)
  eden space 64512K, 0% used [0x000000076d000000,0x000000076d000000,0x0000000770f00000)
  from space 10240K, 99% used [0x0000000770f00000,0x00000007718fd1c0,0x0000000771900000)
  to   space 10240K, 0% used [0x0000000771900000,0x0000000771900000,0x0000000772300000)
 ParOldGen       total 171008K, used 4266K [0x00000006c7000000, 0x00000006d1700000, 0x000000076d000000)
  object space 171008K, 2% used [0x00000006c7000000,0x00000006c742a9b0,0x00000006d1700000)
 Metaspace       used 20289K, capacity 21232K, committed 21296K, reserved 1067008K
  class space    used 2909K, capacity 3137K, committed 3200K, reserved 1048576K
Event: 1.850 GC heap after
Heap after GC invocations=2 (full 1):
 PSYoungGen      total 74752K, used 0K [0x000000076d000000, 0x0000000772300000, 0x00000007c0000000)
  eden space 64512K, 0% used [0x000000076d000000,0x000000076d000000,0x0000000770f00000)
  from space 10240K, 0% used [0x0000000770f00000,0x0000000770f00000,0x0000000771900000)
  to   space 10240K, 0% used [0x0000000771900000,0x0000000771900000,0x0000000772300000)
 ParOldGen       total 127488K, used 12210K [0x00000006c7000000, 0x00000006cec80000, 0x000000076d000000)
  object space 127488K, 9% used [0x00000006c7000000,0x00000006c7becb58,0x00000006cec80000)
 Metaspace       used 20289K, capacity 21232K, committed 21296K, reserved 1067008K
  class space    used 2909K, capacity 3137K, committed 3200K, reserved 1048576K
}
Event: 10.923 GC heap before
{Heap before GC invocations=3 (full 1):
 PSYoungGen      total 74752K, used 64512K [0x000000076d000000, 0x0000000772300000, 0x00000007c0000000)
  eden space 64512K, 100% used [0x000000076d000000,0x0000000770f00000,0x0000000770f00000)
  from space 10240K, 0% used [0x0000000770f00000,0x0000000770f00000,0x0000000771900000)
  to   space 10240K, 0% used [0x0000000771900000,0x0000000771900000,0x0000000772300000)
 ParOldGen       total 127488K, used 12210K [0x00000006c7000000, 0x00000006cec80000, 0x000000076d000000)
  object space 127488K, 9% used [0x00000006c7000000,0x00000006c7becb58,0x00000006cec80000)
 Metaspace       used 27522K, capacity 29122K, committed 29184K, reserved 1075200K
  class space    used 3757K, capacity 4084K, committed 4096K, reserved 1048576K
Event: 10.959 GC heap after
Heap after GC invocations=3 (full 1):
 PSYoungGen      total 74752K, used 10228K [0x000000076d000000, 0x0000000773300000, 0x00000007c0000000)
  eden space 64512K, 0% used [0x000000076d000000,0x000000076d000000,0x0000000770f00000)
  from space 10240K, 99% used [0x0000000771900000,0x00000007722fd3e0,0x0000000772300000)
  to   space 10240K, 0% used [0x0000000770f00000,0x0000000770f00000,0x0000000771900000)
 ParOldGen       total 127488K, used 15310K [0x00000006c7000000, 0x00000006cec80000, 0x000000076d000000)
  object space 127488K, 12% used [0x00000006c7000000,0x00000006c7ef3b88,0x00000006cec80000)
 Metaspace       used 27522K, capacity 29122K, committed 29184K, reserved 1075200K
  class space    used 3757K, capacity 4084K, committed 4096K, reserved 1048576K
}
Event: 83.639 GC heap before
{Heap before GC invocations=4 (full 1):
 PSYoungGen      total 74752K, used 74474K [0x000000076d000000, 0x0000000773300000, 0x00000007c0000000)
  eden space 64512K, 99% used [0x000000076d000000,0x0000000770ebd6e8,0x0000000770f00000)
  from space 10240K, 99% used [0x0000000771900000,0x00000007722fd3e0,0x0000000772300000)
  to   space 10240K, 0% used [0x0000000770f00000,0x0000000770f00000,0x0000000771900000)
 ParOldGen       total 127488K, used 15310K [0x00000006c7000000, 0x00000006cec80000, 0x000000076d000000)
  object space 127488K, 12% used [0x00000006c7000000,0x00000006c7ef3b88,0x00000006cec80000)
 Metaspace       used 30142K, capacity 31966K, committed 32000K, reserved 1077248K
  class space    used 4004K, capacity 4324K, committed 4352K, reserved 1048576K
Event: 83.661 GC heap after
Heap after GC invocations=4 (full 1):
 PSYoungGen      total 74752K, used 10234K [0x000000076d000000, 0x0000000772300000, 0x00000007c0000000)
  eden space 64512K, 0% used [0x000000076d000000,0x000000076d000000,0x0000000770f00000)
  from space 10240K, 99% used [0x0000000770f00000,0x00000007718feac0,0x0000000771900000)
  to   space 10240K, 0% used [0x0000000771900000,0x0000000771900000,0x0000000772300000)
 ParOldGen       total 127488K, used 27248K [0x00000006c7000000, 0x00000006cec80000, 0x000000076d000000)
  object space 127488K, 21% used [0x00000006c7000000,0x00000006c8a9c058,0x00000006cec80000)
 Metaspace       used 30142K, capacity 31966K, committed 32000K, reserved 1077248K
  class space    used 4004K, capacity 4324K, committed 4352K, reserved 1048576K
}

