# JRE version: Java(TM) SE Runtime Environment (8.0_201-b09) (build 1.8.0_201-b09)
# Java VM: Java HotSpot(TM) 64-Bit Server VM (25.201-b09 mixed mode windows-amd64 compressed oops)
Heap:
 PSYoungGen      total 74752K, used 27721K [0x000000076d000000, 0x0000000772300000, 0x00000007c0000000)
  eden space 64512K, 42% used [0x000000076d000000,0x000000076eb12618,0x0000000770f00000)
  from space 10240K, 0% used [0x0000000770f00000,0x0000000770f00000,0x0000000771900000)
  to   space 10240K, 0% used [0x0000000771900000,0x0000000771900000,0x0000000772300000)
 ParOldGen       total 80896K, used 12030K [0x00000006c7000000, 0x00000006cbf00000, 0x000000076d000000)
  object space 80896K, 14% used [0x00000006c7000000,0x00000006c7bbf898,0x00000006cbf00000)
 Metaspace       used 27036K, capacity 28198K, committed 28416K, reserved 1073152K
  class space    used 3819K, capacity 4070K, committed 4096K, reserved 1048576K
GC Heap History (4 events):
Event: 7.912 GC heap before
{Heap before GC invocations=1 (full 0):
 PSYoungGen      total 74752K, used 56535K [0x000000076d000000, 0x0000000772300000, 0x00000007c0000000)
  eden space 64512K, 87% used [0x000000076d000000,0x0000000770735d28,0x0000000770f00000)
  from space 10240K, 0% used [0x0000000771900000,0x0000000771900000,0x0000000772300000)
  to   space 10240K, 0% used [0x0000000770f00000,0x0000000770f00000,0x0000000771900000)
 ParOldGen       total 171008K, used 0K [0x00000006c7000000, 0x00000006d1700000, 0x000000076d000000)
  object space 171008K, 0% used [0x00000006c7000000,0x00000006c7000000,0x00000006d1700000)
 Metaspace       used 20168K, capacity 21214K, committed 21296K, reserved 1067008K
  class space    used 2879K, capacity 3118K, committed 3200K, reserved 1048576K
Event: 7.931 GC heap after
Heap after GC invocations=1 (full 0):
 PSYoungGen      total 74752K, used 10042K [0x000000076d000000, 0x0000000772300000, 0x00000007c0000000)
  eden space 64512K, 0% used [0x000000076d000000,0x000000076d000000,0x0000000770f00000)
  from space 10240K, 98% used [0x0000000770f00000,0x00000007718ce988,0x0000000771900000)
  to   space 10240K, 0% used [0x0000000771900000,0x0000000771900000,0x0000000772300000)
 ParOldGen       total 171008K, used 4192K [0x00000006c7000000, 0x00000006d1700000, 0x000000076d000000)
  object space 171008K, 2% used [0x00000006c7000000,0x00000006c7418030,0x00000006d1700000)
 Metaspace       used 20168K, capacity 21214K, committed 21296K, reserved 1067008K
  class space    used 2879K, capacity 3118K, committed 3200K, reserved 1048576K
}
Event: 7.931 GC heap before
{Heap before GC invocations=2 (full 1):
 PSYoungGen      total 74752K, used 10042K [0x000000076d000000, 0x0000000772300000, 0x00000007c0000000)
  eden space 64512K, 0% used [0x000000076d000000,0x000000076d000000,0x0000000770f00000)
  from space 10240K, 98% used [0x0000000770f00000,0x00000007718ce988,0x0000000771900000)
  to   space 10240K, 0% used [0x0000000771900000,0x0000000771900000,0x0000000772300000)
 ParOldGen       total 171008K, used 4192K [0x00000006c7000000, 0x00000006d1700000, 0x000000076d000000)
  object space 171008K, 2% used [0x00000006c7000000,0x00000006c7418030,0x00000006d1700000)
 Metaspace       used 20168K, capacity 21214K, committed 21296K, reserved 1067008K
  class space    used 2879K, capacity 3118K, committed 3200K, reserved 1048576K
Event: 7.973 GC heap after
Heap after GC invocations=2 (full 1):
 PSYoungGen      total 74752K, used 0K [0x000000076d000000, 0x0000000772300000, 0x00000007c0000000)
  eden space 64512K, 0% used [0x000000076d000000,0x000000076d000000,0x0000000770f00000)
  from space 10240K, 0% used [0x0000000770f00000,0x0000000770f00000,0x0000000771900000)
  to   space 10240K, 0% used [0x0000000771900000,0x0000000771900000,0x0000000772300000)
 ParOldGen       total 80896K, used 12030K [0x00000006c7000000, 0x00000006cbf00000, 0x000000076d000000)
  object space 80896K, 14% used [0x00000006c7000000,0x00000006c7bbf898,0x00000006cbf00000)
 Metaspace       used 20168K, capacity 21214K, committed 21296K, reserved 1067008K
  class space    used 2879K, capacity 3118K, committed 3200K, reserved 1048576K
}

