# JRE version: Java(TM) SE Runtime Environment (8.0_201-b09) (build 1.8.0_201-b09)
# Java VM: Java HotSpot(TM) 64-Bit Server VM (25.201-b09 mixed mode windows-amd64 compressed oops)
Heap:
 PSYoungGen      total 74752K, used 46356K [0x000000076d000000, 0x0000000772300000, 0x00000007c0000000)
  eden space 64512K, 56% used [0x000000076d000000,0x000000076f34ce50,0x0000000770f00000)
  from space 10240K, 99% used [0x0000000771900000,0x00000007722f8250,0x0000000772300000)
  to   space 10240K, 0% used [0x0000000770f00000,0x0000000770f00000,0x0000000771900000)
 ParOldGen       total 89088K, used 19773K [0x00000006c7000000, 0x00000006cc700000, 0x000000076d000000)
  object space 89088K, 22% used [0x00000006c7000000,0x00000006c834f410,0x00000006cc700000)
 Metaspace       used 26276K, capacity 28132K, committed 28416K, reserved 1073152K
  class space    used 3617K, capacity 3973K, committed 4096K, reserved 1048576K
GC Heap History (6 events):
Event: 8.006 GC heap before
{Heap before GC invocations=1 (full 0):
 PSYoungGen      total 74752K, used 62284K [0x000000076d000000, 0x0000000772300000, 0x00000007c0000000)
  eden space 64512K, 96% used [0x000000076d000000,0x0000000770cd3170,0x0000000770f00000)
  from space 10240K, 0% used [0x0000000771900000,0x0000000771900000,0x0000000772300000)
  to   space 10240K, 0% used [0x0000000770f00000,0x0000000770f00000,0x0000000771900000)
 ParOldGen       total 171008K, used 0K [0x00000006c7000000, 0x00000006d1700000, 0x000000076d000000)
  object space 171008K, 0% used [0x00000006c7000000,0x00000006c7000000,0x00000006d1700000)
 Metaspace       used 20177K, capacity 21160K, committed 21296K, reserved 1067008K
  class space    used 2885K, capacity 3119K, committed 3200K, reserved 1048576K
Event: 8.018 GC heap after
Heap after GC invocations=1 (full 0):
 PSYoungGen      total 74752K, used 10236K [0x000000076d000000, 0x0000000772300000, 0x00000007c0000000)
  eden space 64512K, 0% used [0x000000076d000000,0x000000076d000000,0x0000000770f00000)
  from space 10240K, 99% used [0x0000000770f00000,0x00000007718ff370,0x0000000771900000)
  to   space 10240K, 0% used [0x0000000771900000,0x0000000771900000,0x0000000772300000)
 ParOldGen       total 171008K, used 7177K [0x00000006c7000000, 0x00000006d1700000, 0x000000076d000000)
  object space 171008K, 4% used [0x00000006c7000000,0x00000006c77025f8,0x00000006d1700000)
 Metaspace       used 20177K, capacity 21160K, committed 21296K, reserved 1067008K
  class space    used 2885K, capacity 3119K, committed 3200K, reserved 1048576K
}
Event: 8.018 GC heap before
{Heap before GC invocations=2 (full 1):
 PSYoungGen      total 74752K, used 10236K [0x000000076d000000, 0x0000000772300000, 0x00000007c0000000)
  eden space 64512K, 0% used [0x000000076d000000,0x000000076d000000,0x0000000770f00000)
  from space 10240K, 99% used [0x0000000770f00000,0x00000007718ff370,0x0000000771900000)
  to   space 10240K, 0% used [0x0000000771900000,0x0000000771900000,0x0000000772300000)
 ParOldGen       total 171008K, used 7177K [0x00000006c7000000, 0x00000006d1700000, 0x000000076d000000)
  object space 171008K, 4% used [0x00000006c7000000,0x00000006c77025f8,0x00000006d1700000)
 Metaspace       used 20177K, capacity 21160K, committed 21296K, reserved 1067008K
  class space    used 2885K, capacity 3119K, committed 3200K, reserved 1048576K
Event: 8.056 GC heap after
Heap after GC invocations=2 (full 1):
 PSYoungGen      total 74752K, used 0K [0x000000076d000000, 0x0000000772300000, 0x00000007c0000000)
  eden space 64512K, 0% used [0x000000076d000000,0x000000076d000000,0x0000000770f00000)
  from space 10240K, 0% used [0x0000000770f00000,0x0000000770f00000,0x0000000771900000)
  to   space 10240K, 0% used [0x0000000771900000,0x0000000771900000,0x0000000772300000)
 ParOldGen       total 89088K, used 17228K [0x00000006c7000000, 0x00000006cc700000, 0x000000076d000000)
  object space 89088K, 19% used [0x00000006c7000000,0x00000006c80d3350,0x00000006cc700000)
 Metaspace       used 20177K, capacity 21160K, committed 21296K, reserved 1067008K
  class space    used 2885K, capacity 3119K, committed 3200K, reserved 1048576K
}
Event: 23.025 GC heap before
{Heap before GC invocations=3 (full 1):
 PSYoungGen      total 74752K, used 64512K [0x000000076d000000, 0x0000000772300000, 0x00000007c0000000)
  eden space 64512K, 100% used [0x000000076d000000,0x0000000770f00000,0x0000000770f00000)
  from space 10240K, 0% used [0x0000000770f00000,0x0000000770f00000,0x0000000771900000)
  to   space 10240K, 0% used [0x0000000771900000,0x0000000771900000,0x0000000772300000)
 ParOldGen       total 89088K, used 17228K [0x00000006c7000000, 0x00000006cc700000, 0x000000076d000000)
  object space 89088K, 19% used [0x00000006c7000000,0x00000006c80d3350,0x00000006cc700000)
 Metaspace       used 24163K, capacity 25828K, committed 25984K, reserved 1071104K
  class space    used 3366K, capacity 3679K, committed 3712K, reserved 1048576K
Event: 23.042 GC heap after
Heap after GC invocations=3 (full 1):
 PSYoungGen      total 74752K, used 10208K [0x000000076d000000, 0x0000000772300000, 0x00000007c0000000)
  eden space 64512K, 0% used [0x000000076d000000,0x000000076d000000,0x0000000770f00000)
  from space 10240K, 99% used [0x0000000771900000,0x00000007722f8250,0x0000000772300000)
  to   space 10240K, 0% used [0x0000000770f00000,0x0000000770f00000,0x0000000771900000)
 ParOldGen       total 89088K, used 19773K [0x00000006c7000000, 0x00000006cc700000, 0x000000076d000000)
  object space 89088K, 22% used [0x00000006c7000000,0x00000006c834f410,0x00000006cc700000)
 Metaspace       used 24163K, capacity 25828K, committed 25984K, reserved 1071104K
  class space    used 3366K, capacity 3679K, committed 3712K, reserved 1048576K
}

