# JRE version: Java(TM) SE Runtime Environment (8.0_201-b09) (build 1.8.0_201-b09)
# Java VM: Java HotSpot(TM) 64-Bit Server VM (25.201-b09 mixed mode windows-amd64 compressed oops)
Heap:
 PSYoungGen      total 74752K, used 12511K [0x000000076d000000, 0x0000000772300000, 0x00000007c0000000)
  eden space 64512K, 19% used [0x000000076d000000,0x000000076dc37d80,0x0000000770f00000)
  from space 10240K, 0% used [0x0000000770f00000,0x0000000770f00000,0x0000000771900000)
  to   space 10240K, 0% used [0x0000000771900000,0x0000000771900000,0x0000000772300000)
 ParOldGen       total 77824K, used 10575K [0x00000006c7000000, 0x00000006cbc00000, 0x000000076d000000)
  object space 77824K, 13% used [0x00000006c7000000,0x00000006c7a53e20,0x00000006cbc00000)
 Metaspace       used 24882K, capacity 25924K, committed 26112K, reserved 1071104K
  class space    used 3576K, capacity 3809K, committed 3840K, reserved 1048576K
GC Heap History (4 events):
Event: 3.990 GC heap before
{Heap before GC invocations=1 (full 0):
 PSYoungGen      total 74752K, used 53376K [0x000000076d000000, 0x0000000772300000, 0x00000007c0000000)
  eden space 64512K, 82% used [0x000000076d000000,0x0000000770420130,0x0000000770f00000)
  from space 10240K, 0% used [0x0000000771900000,0x0000000771900000,0x0000000772300000)
  to   space 10240K, 0% used [0x0000000770f00000,0x0000000770f00000,0x0000000771900000)
 ParOldGen       total 171008K, used 0K [0x00000006c7000000, 0x00000006d1700000, 0x000000076d000000)
  object space 171008K, 0% used [0x00000006c7000000,0x00000006c7000000,0x00000006d1700000)
 Metaspace       used 20209K, capacity 21182K, committed 21296K, reserved 1067008K
  class space    used 2904K, capacity 3124K, committed 3200K, reserved 1048576K
Event: 4.000 GC heap after
Heap after GC invocations=1 (full 0):
 PSYoungGen      total 74752K, used 10237K [0x000000076d000000, 0x0000000772300000, 0x00000007c0000000)
  eden space 64512K, 0% used [0x000000076d000000,0x000000076d000000,0x0000000770f00000)
  from space 10240K, 99% used [0x0000000770f00000,0x00000007718ff510,0x0000000771900000)
  to   space 10240K, 0% used [0x0000000771900000,0x0000000771900000,0x0000000772300000)
 ParOldGen       total 171008K, used 2612K [0x00000006c7000000, 0x00000006d1700000, 0x000000076d000000)
  object space 171008K, 1% used [0x00000006c7000000,0x00000006c728d320,0x00000006d1700000)
 Metaspace       used 20209K, capacity 21182K, committed 21296K, reserved 1067008K
  class space    used 2904K, capacity 3124K, committed 3200K, reserved 1048576K
}
Event: 4.000 GC heap before
{Heap before GC invocations=2 (full 1):
 PSYoungGen      total 74752K, used 10237K [0x000000076d000000, 0x0000000772300000, 0x00000007c0000000)
  eden space 64512K, 0% used [0x000000076d000000,0x000000076d000000,0x0000000770f00000)
  from space 10240K, 99% used [0x0000000770f00000,0x00000007718ff510,0x0000000771900000)
  to   space 10240K, 0% used [0x0000000771900000,0x0000000771900000,0x0000000772300000)
 ParOldGen       total 171008K, used 2612K [0x00000006c7000000, 0x00000006d1700000, 0x000000076d000000)
  object space 171008K, 1% used [0x00000006c7000000,0x00000006c728d320,0x00000006d1700000)
 Metaspace       used 20209K, capacity 21182K, committed 21296K, reserved 1067008K
  class space    used 2904K, capacity 3124K, committed 3200K, reserved 1048576K
Event: 4.028 GC heap after
Heap after GC invocations=2 (full 1):
 PSYoungGen      total 74752K, used 0K [0x000000076d000000, 0x0000000772300000, 0x00000007c0000000)
  eden space 64512K, 0% used [0x000000076d000000,0x000000076d000000,0x0000000770f00000)
  from space 10240K, 0% used [0x0000000770f00000,0x0000000770f00000,0x0000000771900000)
  to   space 10240K, 0% used [0x0000000771900000,0x0000000771900000,0x0000000772300000)
 ParOldGen       total 77824K, used 10575K [0x00000006c7000000, 0x00000006cbc00000, 0x000000076d000000)
  object space 77824K, 13% used [0x00000006c7000000,0x00000006c7a53e20,0x00000006cbc00000)
 Metaspace       used 20209K, capacity 21182K, committed 21296K, reserved 1067008K
  class space    used 2904K, capacity 3124K, committed 3200K, reserved 1048576K
}

