# JRE version: Java(TM) SE Runtime Environment (8.0_201-b09) (build 1.8.0_201-b09)
# Java VM: Java HotSpot(TM) 64-Bit Server VM (25.201-b09 mixed mode windows-amd64 compressed oops)
Heap:
 PSYoungGen      total 74752K, used 45214K [0x000000076d000000, 0x0000000772300000, 0x00000007c0000000)
  eden space 64512K, 54% used [0x000000076d000000,0x000000076f22c6b8,0x0000000770f00000)
  from space 10240K, 99% used [0x0000000771900000,0x00000007722fb188,0x0000000772300000)
  to   space 10240K, 0% used [0x0000000770f00000,0x0000000770f00000,0x0000000771900000)
 ParOldGen       total 91136K, used 19932K [0x00000006c7000000, 0x00000006cc900000, 0x000000076d000000)
  object space 91136K, 21% used [0x00000006c7000000,0x00000006c8377280,0x00000006cc900000)
 Metaspace       used 26374K, capacity 28260K, committed 28416K, reserved 1073152K
  class space    used 3622K, capacity 3973K, committed 4096K, reserved 1048576K
GC Heap History (6 events):
Event: 9.354 GC heap before
{Heap before GC invocations=1 (full 0):
 PSYoungGen      total 74752K, used 62026K [0x000000076d000000, 0x0000000772300000, 0x00000007c0000000)
  eden space 64512K, 96% used [0x000000076d000000,0x0000000770c92ba8,0x0000000770f00000)
  from space 10240K, 0% used [0x0000000771900000,0x0000000771900000,0x0000000772300000)
  to   space 10240K, 0% used [0x0000000770f00000,0x0000000770f00000,0x0000000771900000)
 ParOldGen       total 171008K, used 0K [0x00000006c7000000, 0x00000006d1700000, 0x000000076d000000)
  object space 171008K, 0% used [0x00000006c7000000,0x00000006c7000000,0x00000006d1700000)
 Metaspace       used 20194K, capacity 21160K, committed 21296K, reserved 1067008K
  class space    used 2883K, capacity 3119K, committed 3200K, reserved 1048576K
Event: 9.366 GC heap after
Heap after GC invocations=1 (full 0):
 PSYoungGen      total 74752K, used 10239K [0x000000076d000000, 0x0000000772300000, 0x00000007c0000000)
  eden space 64512K, 0% used [0x000000076d000000,0x000000076d000000,0x0000000770f00000)
  from space 10240K, 99% used [0x0000000770f00000,0x00000007718ffc10,0x0000000771900000)
  to   space 10240K, 0% used [0x0000000771900000,0x0000000771900000,0x0000000772300000)
 ParOldGen       total 171008K, used 9250K [0x00000006c7000000, 0x00000006d1700000, 0x000000076d000000)
  object space 171008K, 5% used [0x00000006c7000000,0x00000006c7908b30,0x00000006d1700000)
 Metaspace       used 20194K, capacity 21160K, committed 21296K, reserved 1067008K
  class space    used 2883K, capacity 3119K, committed 3200K, reserved 1048576K
}
Event: 9.366 GC heap before
{Heap before GC invocations=2 (full 1):
 PSYoungGen      total 74752K, used 10239K [0x000000076d000000, 0x0000000772300000, 0x00000007c0000000)
  eden space 64512K, 0% used [0x000000076d000000,0x000000076d000000,0x0000000770f00000)
  from space 10240K, 99% used [0x0000000770f00000,0x00000007718ffc10,0x0000000771900000)
  to   space 10240K, 0% used [0x0000000771900000,0x0000000771900000,0x0000000772300000)
 ParOldGen       total 171008K, used 9250K [0x00000006c7000000, 0x00000006d1700000, 0x000000076d000000)
  object space 171008K, 5% used [0x00000006c7000000,0x00000006c7908b30,0x00000006d1700000)
 Metaspace       used 20194K, capacity 21160K, committed 21296K, reserved 1067008K
  class space    used 2883K, capacity 3119K, committed 3200K, reserved 1048576K
Event: 9.394 GC heap after
Heap after GC invocations=2 (full 1):
 PSYoungGen      total 74752K, used 0K [0x000000076d000000, 0x0000000772300000, 0x00000007c0000000)
  eden space 64512K, 0% used [0x000000076d000000,0x000000076d000000,0x0000000770f00000)
  from space 10240K, 0% used [0x0000000770f00000,0x0000000770f00000,0x0000000771900000)
  to   space 10240K, 0% used [0x0000000771900000,0x0000000771900000,0x0000000772300000)
 ParOldGen       total 91136K, used 17321K [0x00000006c7000000, 0x00000006cc900000, 0x000000076d000000)
  object space 91136K, 19% used [0x00000006c7000000,0x00000006c80ea480,0x00000006cc900000)
 Metaspace       used 20194K, capacity 21160K, committed 21296K, reserved 1067008K
  class space    used 2883K, capacity 3119K, committed 3200K, reserved 1048576K
}
Event: 22.950 GC heap before
{Heap before GC invocations=3 (full 1):
 PSYoungGen      total 74752K, used 64512K [0x000000076d000000, 0x0000000772300000, 0x00000007c0000000)
  eden space 64512K, 100% used [0x000000076d000000,0x0000000770f00000,0x0000000770f00000)
  from space 10240K, 0% used [0x0000000770f00000,0x0000000770f00000,0x0000000771900000)
  to   space 10240K, 0% used [0x0000000771900000,0x0000000771900000,0x0000000772300000)
 ParOldGen       total 91136K, used 17321K [0x00000006c7000000, 0x00000006cc900000, 0x000000076d000000)
  object space 91136K, 19% used [0x00000006c7000000,0x00000006c80ea480,0x00000006cc900000)
 Metaspace       used 24210K, capacity 25826K, committed 25984K, reserved 1071104K
  class space    used 3372K, capacity 3674K, committed 3712K, reserved 1048576K
Event: 22.966 GC heap after
Heap after GC invocations=3 (full 1):
 PSYoungGen      total 74752K, used 10220K [0x000000076d000000, 0x0000000772300000, 0x00000007c0000000)
  eden space 64512K, 0% used [0x000000076d000000,0x000000076d000000,0x0000000770f00000)
  from space 10240K, 99% used [0x0000000771900000,0x00000007722fb188,0x0000000772300000)
  to   space 10240K, 0% used [0x0000000770f00000,0x0000000770f00000,0x0000000771900000)
 ParOldGen       total 91136K, used 19932K [0x00000006c7000000, 0x00000006cc900000, 0x000000076d000000)
  object space 91136K, 21% used [0x00000006c7000000,0x00000006c8377280,0x00000006cc900000)
 Metaspace       used 24210K, capacity 25826K, committed 25984K, reserved 1071104K
  class space    used 3372K, capacity 3674K, committed 3712K, reserved 1048576K
}

