# JRE version: Java(TM) SE Runtime Environment (8.0_201-b09) (build 1.8.0_201-b09)
# Java VM: Java HotSpot(TM) 64-Bit Server VM (25.201-b09 mixed mode windows-amd64 compressed oops)
Heap:
 PSYoungGen      total 74752K, used 41650K [0x000000076d000000, 0x0000000772300000, 0x00000007c0000000)
  eden space 64512K, 64% used [0x000000076d000000,0x000000076f8acb60,0x0000000770f00000)
  from space 10240K, 0% used [0x0000000770f00000,0x0000000770f00000,0x0000000771900000)
  to   space 10240K, 0% used [0x0000000771900000,0x0000000771900000,0x0000000772300000)
 ParOldGen       total 89600K, used 20456K [0x00000006c7000000, 0x00000006cc780000, 0x000000076d000000)
  object space 89600K, 22% used [0x00000006c7000000,0x00000006c83fa320,0x00000006cc780000)
 Metaspace       used 38174K, capacity 39986K, committed 40192K, reserved 1083392K
  class space    used 5184K, capacity 5538K, committed 5632K, reserved 1048576K
GC Heap History (10 events):
Event: 9.421 GC heap before
{Heap before GC invocations=1 (full 0):
 PSYoungGen      total 74752K, used 56799K [0x000000076d000000, 0x0000000772300000, 0x00000007c0000000)
  eden space 64512K, 88% used [0x000000076d000000,0x0000000770777cf8,0x0000000770f00000)
  from space 10240K, 0% used [0x0000000771900000,0x0000000771900000,0x0000000772300000)
  to   space 10240K, 0% used [0x0000000770f00000,0x0000000770f00000,0x0000000771900000)
 ParOldGen       total 171008K, used 0K [0x00000006c7000000, 0x00000006d1700000, 0x000000076d000000)
  object space 171008K, 0% used [0x00000006c7000000,0x00000006c7000000,0x00000006d1700000)
 Metaspace       used 20144K, capacity 21154K, committed 21296K, reserved 1067008K
  class space    used 2882K, capacity 3118K, committed 3200K, reserved 1048576K
Event: 9.439 GC heap after
Heap after GC invocations=1 (full 0):
 PSYoungGen      total 74752K, used 10215K [0x000000076d000000, 0x0000000772300000, 0x00000007c0000000)
  eden space 64512K, 0% used [0x000000076d000000,0x000000076d000000,0x0000000770f00000)
  from space 10240K, 99% used [0x0000000770f00000,0x00000007718f9df0,0x0000000771900000)
  to   space 10240K, 0% used [0x0000000771900000,0x0000000771900000,0x0000000772300000)
 ParOldGen       total 171008K, used 4184K [0x00000006c7000000, 0x00000006d1700000, 0x000000076d000000)
  object space 171008K, 2% used [0x00000006c7000000,0x00000006c7416030,0x00000006d1700000)
 Metaspace       used 20144K, capacity 21154K, committed 21296K, reserved 1067008K
  class space    used 2882K, capacity 3118K, committed 3200K, reserved 1048576K
}
Event: 9.439 GC heap before
{Heap before GC invocations=2 (full 1):
 PSYoungGen      total 74752K, used 10215K [0x000000076d000000, 0x0000000772300000, 0x00000007c0000000)
  eden space 64512K, 0% used [0x000000076d000000,0x000000076d000000,0x0000000770f00000)
  from space 10240K, 99% used [0x0000000770f00000,0x00000007718f9df0,0x0000000771900000)
  to   space 10240K, 0% used [0x0000000771900000,0x0000000771900000,0x0000000772300000)
 ParOldGen       total 171008K, used 4184K [0x00000006c7000000, 0x00000006d1700000, 0x000000076d000000)
  object space 171008K, 2% used [0x00000006c7000000,0x00000006c7416030,0x00000006d1700000)
 Metaspace       used 20144K, capacity 21154K, committed 21296K, reserved 1067008K
  class space    used 2882K, capacity 3118K, committed 3200K, reserved 1048576K
Event: 9.475 GC heap after
Heap after GC invocations=2 (full 1):
 PSYoungGen      total 74752K, used 0K [0x000000076d000000, 0x0000000772300000, 0x00000007c0000000)
  eden space 64512K, 0% used [0x000000076d000000,0x000000076d000000,0x0000000770f00000)
  from space 10240K, 0% used [0x0000000770f00000,0x0000000770f00000,0x0000000771900000)
  to   space 10240K, 0% used [0x0000000771900000,0x0000000771900000,0x0000000772300000)
 ParOldGen       total 80896K, used 12091K [0x00000006c7000000, 0x00000006cbf00000, 0x000000076d000000)
  object space 80896K, 14% used [0x00000006c7000000,0x00000006c7bcec88,0x00000006cbf00000)
 Metaspace       used 20144K, capacity 21154K, committed 21296K, reserved 1067008K
  class space    used 2882K, capacity 3118K, committed 3200K, reserved 1048576K
}
Event: 39.839 GC heap before
{Heap before GC invocations=3 (full 1):
 PSYoungGen      total 74752K, used 64512K [0x000000076d000000, 0x0000000772300000, 0x00000007c0000000)
  eden space 64512K, 100% used [0x000000076d000000,0x0000000770f00000,0x0000000770f00000)
  from space 10240K, 0% used [0x0000000770f00000,0x0000000770f00000,0x0000000771900000)
  to   space 10240K, 0% used [0x0000000771900000,0x0000000771900000,0x0000000772300000)
 ParOldGen       total 80896K, used 12091K [0x00000006c7000000, 0x00000006cbf00000, 0x000000076d000000)
  object space 80896K, 14% used [0x00000006c7000000,0x00000006c7bcec88,0x00000006cbf00000)
 Metaspace       used 32378K, capacity 34102K, committed 34432K, reserved 1079296K
  class space    used 4370K, capacity 4704K, committed 4736K, reserved 1048576K
Event: 39.850 GC heap after
Heap after GC invocations=3 (full 1):
 PSYoungGen      total 74752K, used 10228K [0x000000076d000000, 0x0000000772300000, 0x00000007c0000000)
  eden space 64512K, 0% used [0x000000076d000000,0x000000076d000000,0x0000000770f00000)
  from space 10240K, 99% used [0x0000000771900000,0x00000007722fd200,0x0000000772300000)
  to   space 10240K, 0% used [0x0000000770f00000,0x0000000770f00000,0x0000000771900000)
 ParOldGen       total 80896K, used 13945K [0x00000006c7000000, 0x00000006cbf00000, 0x000000076d000000)
  object space 80896K, 17% used [0x00000006c7000000,0x00000006c7d9e748,0x00000006cbf00000)
 Metaspace       used 32378K, capacity 34102K, committed 34432K, reserved 1079296K
  class space    used 4370K, capacity 4704K, committed 4736K, reserved 1048576K
}
Event: 47.008 GC heap before
{Heap before GC invocations=4 (full 1):
 PSYoungGen      total 74752K, used 26945K [0x000000076d000000, 0x0000000772300000, 0x00000007c0000000)
  eden space 64512K, 25% used [0x000000076d000000,0x000000076e0534d8,0x0000000770f00000)
  from space 10240K, 99% used [0x0000000771900000,0x00000007722fd200,0x0000000772300000)
  to   space 10240K, 0% used [0x0000000770f00000,0x0000000770f00000,0x0000000771900000)
 ParOldGen       total 80896K, used 13945K [0x00000006c7000000, 0x00000006cbf00000, 0x000000076d000000)
  object space 80896K, 17% used [0x00000006c7000000,0x00000006c7d9e748,0x00000006cbf00000)
 Metaspace       used 33579K, capacity 35250K, committed 35496K, reserved 1079296K
  class space    used 4535K, capacity 4842K, committed 4864K, reserved 1048576K
Event: 47.017 GC heap after
Heap after GC invocations=4 (full 1):
 PSYoungGen      total 74752K, used 10210K [0x000000076d000000, 0x0000000772300000, 0x00000007c0000000)
  eden space 64512K, 0% used [0x000000076d000000,0x000000076d000000,0x0000000770f00000)
  from space 10240K, 99% used [0x0000000770f00000,0x00000007718f8b28,0x0000000771900000)
  to   space 10240K, 0% used [0x0000000771900000,0x0000000771900000,0x0000000772300000)
 ParOldGen       total 80896K, used 17171K [0x00000006c7000000, 0x00000006cbf00000, 0x000000076d000000)
  object space 80896K, 21% used [0x00000006c7000000,0x00000006c80c4fe8,0x00000006cbf00000)
 Metaspace       used 33579K, capacity 35250K, committed 35496K, reserved 1079296K
  class space    used 4535K, capacity 4842K, committed 4864K, reserved 1048576K
}
Event: 47.017 GC heap before
{Heap before GC invocations=5 (full 2):
 PSYoungGen      total 74752K, used 10210K [0x000000076d000000, 0x0000000772300000, 0x00000007c0000000)
  eden space 64512K, 0% used [0x000000076d000000,0x000000076d000000,0x0000000770f00000)
  from space 10240K, 99% used [0x0000000770f00000,0x00000007718f8b28,0x0000000771900000)
  to   space 10240K, 0% used [0x0000000771900000,0x0000000771900000,0x0000000772300000)
 ParOldGen       total 80896K, used 17171K [0x00000006c7000000, 0x00000006cbf00000, 0x000000076d000000)
  object space 80896K, 21% used [0x00000006c7000000,0x00000006c80c4fe8,0x00000006cbf00000)
 Metaspace       used 33579K, capacity 35250K, committed 35496K, reserved 1079296K
  class space    used 4535K, capacity 4842K, committed 4864K, reserved 1048576K
Event: 47.101 GC heap after
Heap after GC invocations=5 (full 2):
 PSYoungGen      total 74752K, used 0K [0x000000076d000000, 0x0000000772300000, 0x00000007c0000000)
  eden space 64512K, 0% used [0x000000076d000000,0x000000076d000000,0x0000000770f00000)
  from space 10240K, 0% used [0x0000000770f00000,0x0000000770f00000,0x0000000771900000)
  to   space 10240K, 0% used [0x0000000771900000,0x0000000771900000,0x0000000772300000)
 ParOldGen       total 89600K, used 20456K [0x00000006c7000000, 0x00000006cc780000, 0x000000076d000000)
  object space 89600K, 22% used [0x00000006c7000000,0x00000006c83fa320,0x00000006cc780000)
 Metaspace       used 33579K, capacity 35250K, committed 35496K, reserved 1079296K
  class space    used 4535K, capacity 4842K, committed 4864K, reserved 1048576K
}

