# JRE version: Java(TM) SE Runtime Environment (8.0_201-b09) (build 1.8.0_201-b09)
# Java VM: Java HotSpot(TM) 64-Bit Server VM (25.201-b09 mixed mode windows-amd64 compressed oops)
Heap:
 PSYoungGen      total 74752K, used 64788K [0x000000076d000000, 0x0000000772300000, 0x00000007c0000000)
  eden space 64512K, 84% used [0x000000076d000000,0x0000000770545eb8,0x0000000770f00000)
  from space 10240K, 99% used [0x0000000771900000,0x00000007722ff1c8,0x0000000772300000)
  to   space 10240K, 0% used [0x0000000770f00000,0x0000000770f00000,0x0000000771900000)
 ParOldGen       total 91648K, used 21003K [0x00000006c7000000, 0x00000006cc980000, 0x000000076d000000)
  object space 91648K, 22% used [0x00000006c7000000,0x00000006c8482f20,0x00000006cc980000)
 Metaspace       used 26531K, capacity 28460K, committed 28672K, reserved 1073152K
  class space    used 3621K, capacity 3969K, committed 4096K, reserved 1048576K
GC Heap History (6 events):
Event: 9.421 GC heap before
{Heap before GC invocations=1 (full 0):
 PSYoungGen      total 74752K, used 61998K [0x000000076d000000, 0x0000000772300000, 0x00000007c0000000)
  eden space 64512K, 96% used [0x000000076d000000,0x0000000770c8b948,0x0000000770f00000)
  from space 10240K, 0% used [0x0000000771900000,0x0000000771900000,0x0000000772300000)
  to   space 10240K, 0% used [0x0000000770f00000,0x0000000770f00000,0x0000000771900000)
 ParOldGen       total 171008K, used 0K [0x00000006c7000000, 0x00000006d1700000, 0x000000076d000000)
  object space 171008K, 0% used [0x00000006c7000000,0x00000006c7000000,0x00000006d1700000)
 Metaspace       used 20200K, capacity 21160K, committed 21296K, reserved 1067008K
  class space    used 2889K, capacity 3119K, committed 3200K, reserved 1048576K
Event: 9.435 GC heap after
Heap after GC invocations=1 (full 0):
 PSYoungGen      total 74752K, used 9821K [0x000000076d000000, 0x0000000772300000, 0x00000007c0000000)
  eden space 64512K, 0% used [0x000000076d000000,0x000000076d000000,0x0000000770f00000)
  from space 10240K, 95% used [0x0000000770f00000,0x00000007718976a0,0x0000000771900000)
  to   space 10240K, 0% used [0x0000000771900000,0x0000000771900000,0x0000000772300000)
 ParOldGen       total 171008K, used 9809K [0x00000006c7000000, 0x00000006d1700000, 0x000000076d000000)
  object space 171008K, 5% used [0x00000006c7000000,0x00000006c7994440,0x00000006d1700000)
 Metaspace       used 20200K, capacity 21160K, committed 21296K, reserved 1067008K
  class space    used 2889K, capacity 3119K, committed 3200K, reserved 1048576K
}
Event: 9.435 GC heap before
{Heap before GC invocations=2 (full 1):
 PSYoungGen      total 74752K, used 9821K [0x000000076d000000, 0x0000000772300000, 0x00000007c0000000)
  eden space 64512K, 0% used [0x000000076d000000,0x000000076d000000,0x0000000770f00000)
  from space 10240K, 95% used [0x0000000770f00000,0x00000007718976a0,0x0000000771900000)
  to   space 10240K, 0% used [0x0000000771900000,0x0000000771900000,0x0000000772300000)
 ParOldGen       total 171008K, used 9809K [0x00000006c7000000, 0x00000006d1700000, 0x000000076d000000)
  object space 171008K, 5% used [0x00000006c7000000,0x00000006c7994440,0x00000006d1700000)
 Metaspace       used 20200K, capacity 21160K, committed 21296K, reserved 1067008K
  class space    used 2889K, capacity 3119K, committed 3200K, reserved 1048576K
Event: 9.466 GC heap after
Heap after GC invocations=2 (full 1):
 PSYoungGen      total 74752K, used 0K [0x000000076d000000, 0x0000000772300000, 0x00000007c0000000)
  eden space 64512K, 0% used [0x000000076d000000,0x000000076d000000,0x0000000770f00000)
  from space 10240K, 0% used [0x0000000770f00000,0x0000000770f00000,0x0000000771900000)
  to   space 10240K, 0% used [0x0000000771900000,0x0000000771900000,0x0000000772300000)
 ParOldGen       total 91648K, used 17293K [0x00000006c7000000, 0x00000006cc980000, 0x000000076d000000)
  object space 91648K, 18% used [0x00000006c7000000,0x00000006c80e3670,0x00000006cc980000)
 Metaspace       used 20200K, capacity 21160K, committed 21296K, reserved 1067008K
  class space    used 2889K, capacity 3119K, committed 3200K, reserved 1048576K
}
Event: 20.749 GC heap before
{Heap before GC invocations=3 (full 1):
 PSYoungGen      total 74752K, used 64512K [0x000000076d000000, 0x0000000772300000, 0x00000007c0000000)
  eden space 64512K, 100% used [0x000000076d000000,0x0000000770f00000,0x0000000770f00000)
  from space 10240K, 0% used [0x0000000770f00000,0x0000000770f00000,0x0000000771900000)
  to   space 10240K, 0% used [0x0000000771900000,0x0000000771900000,0x0000000772300000)
 ParOldGen       total 91648K, used 17293K [0x00000006c7000000, 0x00000006cc980000, 0x000000076d000000)
  object space 91648K, 18% used [0x00000006c7000000,0x00000006c80e3670,0x00000006cc980000)
 Metaspace       used 24551K, capacity 26196K, committed 26368K, reserved 1071104K
  class space    used 3416K, capacity 3727K, committed 3840K, reserved 1048576K
Event: 20.768 GC heap after
Heap after GC invocations=3 (full 1):
 PSYoungGen      total 74752K, used 10236K [0x000000076d000000, 0x0000000772300000, 0x00000007c0000000)
  eden space 64512K, 0% used [0x000000076d000000,0x000000076d000000,0x0000000770f00000)
  from space 10240K, 99% used [0x0000000771900000,0x00000007722ff1c8,0x0000000772300000)
  to   space 10240K, 0% used [0x0000000770f00000,0x0000000770f00000,0x0000000771900000)
 ParOldGen       total 91648K, used 21003K [0x00000006c7000000, 0x00000006cc980000, 0x000000076d000000)
  object space 91648K, 22% used [0x00000006c7000000,0x00000006c8482f20,0x00000006cc980000)
 Metaspace       used 24551K, capacity 26196K, committed 26368K, reserved 1071104K
  class space    used 3416K, capacity 3727K, committed 3840K, reserved 1048576K
}

