# JRE version: Java(TM) SE Runtime Environment (8.0_201-b09) (build 1.8.0_201-b09)
# Java VM: Java HotSpot(TM) 64-Bit Server VM (25.201-b09 mixed mode windows-amd64 compressed oops)
Heap:
 PSYoungGen      total 74752K, used 29844K [0x000000076d000000, 0x0000000772300000, 0x00000007c0000000)
  eden space 64512K, 46% used [0x000000076d000000,0x000000076ed253c0,0x0000000770f00000)
  from space 10240K, 0% used [0x0000000770f00000,0x0000000770f00000,0x0000000771900000)
  to   space 10240K, 0% used [0x0000000771900000,0x0000000771900000,0x0000000772300000)
 ParOldGen       total 99840K, used 23537K [0x00000006c7000000, 0x00000006cd180000, 0x000000076d000000)
  object space 99840K, 23% used [0x00000006c7000000,0x00000006c86fc750,0x00000006cd180000)
 Metaspace       used 36911K, capacity 38740K, committed 39168K, reserved 1083392K
  class space    used 5161K, capacity 5505K, committed 5632K, reserved 1048576K
GC Heap History (10 events):
Event: 7.960 GC heap before
{Heap before GC invocations=1 (full 0):
 PSYoungGen      total 74752K, used 56603K [0x000000076d000000, 0x0000000772300000, 0x00000007c0000000)
  eden space 64512K, 87% used [0x000000076d000000,0x0000000770746f48,0x0000000770f00000)
  from space 10240K, 0% used [0x0000000771900000,0x0000000771900000,0x0000000772300000)
  to   space 10240K, 0% used [0x0000000770f00000,0x0000000770f00000,0x0000000771900000)
 ParOldGen       total 171008K, used 0K [0x00000006c7000000, 0x00000006d1700000, 0x000000076d000000)
  object space 171008K, 0% used [0x00000006c7000000,0x00000006c7000000,0x00000006d1700000)
 Metaspace       used 20150K, capacity 21158K, committed 21296K, reserved 1067008K
  class space    used 2881K, capacity 3118K, committed 3200K, reserved 1048576K
Event: 7.968 GC heap after
Heap after GC invocations=1 (full 0):
 PSYoungGen      total 74752K, used 10125K [0x000000076d000000, 0x0000000772300000, 0x00000007c0000000)
  eden space 64512K, 0% used [0x000000076d000000,0x000000076d000000,0x0000000770f00000)
  from space 10240K, 98% used [0x0000000770f00000,0x00000007718e3668,0x0000000771900000)
  to   space 10240K, 0% used [0x0000000771900000,0x0000000771900000,0x0000000772300000)
 ParOldGen       total 171008K, used 4184K [0x00000006c7000000, 0x00000006d1700000, 0x000000076d000000)
  object space 171008K, 2% used [0x00000006c7000000,0x00000006c7416030,0x00000006d1700000)
 Metaspace       used 20150K, capacity 21158K, committed 21296K, reserved 1067008K
  class space    used 2881K, capacity 3118K, committed 3200K, reserved 1048576K
}
Event: 7.968 GC heap before
{Heap before GC invocations=2 (full 1):
 PSYoungGen      total 74752K, used 10125K [0x000000076d000000, 0x0000000772300000, 0x00000007c0000000)
  eden space 64512K, 0% used [0x000000076d000000,0x000000076d000000,0x0000000770f00000)
  from space 10240K, 98% used [0x0000000770f00000,0x00000007718e3668,0x0000000771900000)
  to   space 10240K, 0% used [0x0000000771900000,0x0000000771900000,0x0000000772300000)
 ParOldGen       total 171008K, used 4184K [0x00000006c7000000, 0x00000006d1700000, 0x000000076d000000)
  object space 171008K, 2% used [0x00000006c7000000,0x00000006c7416030,0x00000006d1700000)
 Metaspace       used 20150K, capacity 21158K, committed 21296K, reserved 1067008K
  class space    used 2881K, capacity 3118K, committed 3200K, reserved 1048576K
Event: 7.996 GC heap after
Heap after GC invocations=2 (full 1):
 PSYoungGen      total 74752K, used 0K [0x000000076d000000, 0x0000000772300000, 0x00000007c0000000)
  eden space 64512K, 0% used [0x000000076d000000,0x000000076d000000,0x0000000770f00000)
  from space 10240K, 0% used [0x0000000770f00000,0x0000000770f00000,0x0000000771900000)
  to   space 10240K, 0% used [0x0000000771900000,0x0000000771900000,0x0000000772300000)
 ParOldGen       total 80896K, used 12091K [0x00000006c7000000, 0x00000006cbf00000, 0x000000076d000000)
  object space 80896K, 14% used [0x00000006c7000000,0x00000006c7bcefc0,0x00000006cbf00000)
 Metaspace       used 20150K, capacity 21158K, committed 21296K, reserved 1067008K
  class space    used 2881K, capacity 3118K, committed 3200K, reserved 1048576K
}
Event: 16.589 GC heap before
{Heap before GC invocations=3 (full 1):
 PSYoungGen      total 74752K, used 64512K [0x000000076d000000, 0x0000000772300000, 0x00000007c0000000)
  eden space 64512K, 100% used [0x000000076d000000,0x0000000770f00000,0x0000000770f00000)
  from space 10240K, 0% used [0x0000000770f00000,0x0000000770f00000,0x0000000771900000)
  to   space 10240K, 0% used [0x0000000771900000,0x0000000771900000,0x0000000772300000)
 ParOldGen       total 80896K, used 12091K [0x00000006c7000000, 0x00000006cbf00000, 0x000000076d000000)
  object space 80896K, 14% used [0x00000006c7000000,0x00000006c7bcefc0,0x00000006cbf00000)
 Metaspace       used 24931K, capacity 26496K, committed 26752K, reserved 1073152K
  class space    used 3552K, capacity 3863K, committed 3968K, reserved 1048576K
Event: 16.595 GC heap after
Heap after GC invocations=3 (full 1):
 PSYoungGen      total 74752K, used 8384K [0x000000076d000000, 0x0000000772300000, 0x00000007c0000000)
  eden space 64512K, 0% used [0x000000076d000000,0x000000076d000000,0x0000000770f00000)
  from space 10240K, 81% used [0x0000000771900000,0x00000007721300f0,0x0000000772300000)
  to   space 10240K, 0% used [0x0000000770f00000,0x0000000770f00000,0x0000000771900000)
 ParOldGen       total 80896K, used 12099K [0x00000006c7000000, 0x00000006cbf00000, 0x000000076d000000)
  object space 80896K, 14% used [0x00000006c7000000,0x00000006c7bd0fc0,0x00000006cbf00000)
 Metaspace       used 24931K, capacity 26496K, committed 26752K, reserved 1073152K
  class space    used 3552K, capacity 3863K, committed 3968K, reserved 1048576K
}
Event: 35.579 GC heap before
{Heap before GC invocations=4 (full 1):
 PSYoungGen      total 74752K, used 67860K [0x000000076d000000, 0x0000000772300000, 0x00000007c0000000)
  eden space 64512K, 92% used [0x000000076d000000,0x0000000770a150d0,0x0000000770f00000)
  from space 10240K, 81% used [0x0000000771900000,0x00000007721300f0,0x0000000772300000)
  to   space 10240K, 0% used [0x0000000770f00000,0x0000000770f00000,0x0000000771900000)
 ParOldGen       total 80896K, used 12099K [0x00000006c7000000, 0x00000006cbf00000, 0x000000076d000000)
  object space 80896K, 14% used [0x00000006c7000000,0x00000006c7bd0fc0,0x00000006cbf00000)
 Metaspace       used 33506K, capacity 35284K, committed 35496K, reserved 1079296K
  class space    used 4711K, capacity 5029K, committed 5120K, reserved 1048576K
Event: 35.592 GC heap after
Heap after GC invocations=4 (full 1):
 PSYoungGen      total 74752K, used 10231K [0x000000076d000000, 0x0000000772300000, 0x00000007c0000000)
  eden space 64512K, 0% used [0x000000076d000000,0x000000076d000000,0x0000000770f00000)
  from space 10240K, 99% used [0x0000000770f00000,0x00000007718fdf98,0x0000000771900000)
  to   space 10240K, 0% used [0x0000000771900000,0x0000000771900000,0x0000000772300000)
 ParOldGen       total 80896K, used 21832K [0x00000006c7000000, 0x00000006cbf00000, 0x000000076d000000)
  object space 80896K, 26% used [0x00000006c7000000,0x00000006c8552190,0x00000006cbf00000)
 Metaspace       used 33506K, capacity 35284K, committed 35496K, reserved 1079296K
  class space    used 4711K, capacity 5029K, committed 5120K, reserved 1048576K
}
Event: 35.592 GC heap before
{Heap before GC invocations=5 (full 2):
 PSYoungGen      total 74752K, used 10231K [0x000000076d000000, 0x0000000772300000, 0x00000007c0000000)
  eden space 64512K, 0% used [0x000000076d000000,0x000000076d000000,0x0000000770f00000)
  from space 10240K, 99% used [0x0000000770f00000,0x00000007718fdf98,0x0000000771900000)
  to   space 10240K, 0% used [0x0000000771900000,0x0000000771900000,0x0000000772300000)
 ParOldGen       total 80896K, used 21832K [0x00000006c7000000, 0x00000006cbf00000, 0x000000076d000000)
  object space 80896K, 26% used [0x00000006c7000000,0x00000006c8552190,0x00000006cbf00000)
 Metaspace       used 33506K, capacity 35284K, committed 35496K, reserved 1079296K
  class space    used 4711K, capacity 5029K, committed 5120K, reserved 1048576K
Event: 35.661 GC heap after
Heap after GC invocations=5 (full 2):
 PSYoungGen      total 74752K, used 0K [0x000000076d000000, 0x0000000772300000, 0x00000007c0000000)
  eden space 64512K, 0% used [0x000000076d000000,0x000000076d000000,0x0000000770f00000)
  from space 10240K, 0% used [0x0000000770f00000,0x0000000770f00000,0x0000000771900000)
  to   space 10240K, 0% used [0x0000000771900000,0x0000000771900000,0x0000000772300000)
 ParOldGen       total 99840K, used 23537K [0x00000006c7000000, 0x00000006cd180000, 0x000000076d000000)
  object space 99840K, 23% used [0x00000006c7000000,0x00000006c86fc750,0x00000006cd180000)
 Metaspace       used 33506K, capacity 35284K, committed 35496K, reserved 1079296K
  class space    used 4711K, capacity 5029K, committed 5120K, reserved 1048576K
}

