# JRE version: Java(TM) SE Runtime Environment (8.0_201-b09) (build 1.8.0_201-b09)
# Java VM: Java HotSpot(TM) 64-Bit Server VM (25.201-b09 mixed mode windows-amd64 compressed oops)
Heap:
 PSYoungGen      total 74752K, used 12095K [0x000000076d000000, 0x0000000772300000, 0x00000007c0000000)
  eden space 64512K, 18% used [0x000000076d000000,0x000000076dbcfd98,0x0000000770f00000)
  from space 10240K, 0% used [0x0000000770f00000,0x0000000770f00000,0x0000000771900000)
  to   space 10240K, 0% used [0x0000000771900000,0x0000000771900000,0x0000000772300000)
 ParOldGen       total 75776K, used 10561K [0x00000006c7000000, 0x00000006cba00000, 0x000000076d000000)
  object space 75776K, 13% used [0x00000006c7000000,0x00000006c7a50668,0x00000006cba00000)
 Metaspace       used 24958K, capacity 25988K, committed 26112K, reserved 1071104K
  class space    used 3571K, capacity 3809K, committed 3840K, reserved 1048576K
GC Heap History (4 events):
Event: 6.503 GC heap before
{Heap before GC invocations=1 (full 0):
 PSYoungGen      total 74752K, used 52757K [0x000000076d000000, 0x0000000772300000, 0x00000007c0000000)
  eden space 64512K, 81% used [0x000000076d000000,0x00000007703857b0,0x0000000770f00000)
  from space 10240K, 0% used [0x0000000771900000,0x0000000771900000,0x0000000772300000)
  to   space 10240K, 0% used [0x0000000770f00000,0x0000000770f00000,0x0000000771900000)
 ParOldGen       total 171008K, used 0K [0x00000006c7000000, 0x00000006d1700000, 0x000000076d000000)
  object space 171008K, 0% used [0x00000006c7000000,0x00000006c7000000,0x00000006d1700000)
 Metaspace       used 20205K, capacity 21182K, committed 21296K, reserved 1067008K
  class space    used 2896K, capacity 3124K, committed 3200K, reserved 1048576K
Event: 6.516 GC heap after
Heap after GC invocations=1 (full 0):
 PSYoungGen      total 74752K, used 10224K [0x000000076d000000, 0x0000000772300000, 0x00000007c0000000)
  eden space 64512K, 0% used [0x000000076d000000,0x000000076d000000,0x0000000770f00000)
  from space 10240K, 99% used [0x0000000770f00000,0x00000007718fc048,0x0000000771900000)
  to   space 10240K, 0% used [0x0000000771900000,0x0000000771900000,0x0000000772300000)
 ParOldGen       total 171008K, used 487K [0x00000006c7000000, 0x00000006d1700000, 0x000000076d000000)
  object space 171008K, 0% used [0x00000006c7000000,0x00000006c7079f88,0x00000006d1700000)
 Metaspace       used 20205K, capacity 21182K, committed 21296K, reserved 1067008K
  class space    used 2896K, capacity 3124K, committed 3200K, reserved 1048576K
}
Event: 6.516 GC heap before
{Heap before GC invocations=2 (full 1):
 PSYoungGen      total 74752K, used 10224K [0x000000076d000000, 0x0000000772300000, 0x00000007c0000000)
  eden space 64512K, 0% used [0x000000076d000000,0x000000076d000000,0x0000000770f00000)
  from space 10240K, 99% used [0x0000000770f00000,0x00000007718fc048,0x0000000771900000)
  to   space 10240K, 0% used [0x0000000771900000,0x0000000771900000,0x0000000772300000)
 ParOldGen       total 171008K, used 487K [0x00000006c7000000, 0x00000006d1700000, 0x000000076d000000)
  object space 171008K, 0% used [0x00000006c7000000,0x00000006c7079f88,0x00000006d1700000)
 Metaspace       used 20205K, capacity 21182K, committed 21296K, reserved 1067008K
  class space    used 2896K, capacity 3124K, committed 3200K, reserved 1048576K
Event: 6.548 GC heap after
Heap after GC invocations=2 (full 1):
 PSYoungGen      total 74752K, used 0K [0x000000076d000000, 0x0000000772300000, 0x00000007c0000000)
  eden space 64512K, 0% used [0x000000076d000000,0x000000076d000000,0x0000000770f00000)
  from space 10240K, 0% used [0x0000000770f00000,0x0000000770f00000,0x0000000771900000)
  to   space 10240K, 0% used [0x0000000771900000,0x0000000771900000,0x0000000772300000)
 ParOldGen       total 75776K, used 10561K [0x00000006c7000000, 0x00000006cba00000, 0x000000076d000000)
  object space 75776K, 13% used [0x00000006c7000000,0x00000006c7a50668,0x00000006cba00000)
 Metaspace       used 20205K, capacity 21182K, committed 21296K, reserved 1067008K
  class space    used 2896K, capacity 3124K, committed 3200K, reserved 1048576K
}

