# JRE version: Java(TM) SE Runtime Environment (8.0_201-b09) (build 1.8.0_201-b09)
# Java VM: Java HotSpot(TM) 64-Bit Server VM (25.201-b09 mixed mode windows-amd64 compressed oops)
Heap:
 PSYoungGen      total 74752K, used 48338K [0x000000076d000000, 0x0000000772300000, 0x00000007c0000000)
  eden space 64512K, 59% used [0x000000076d000000,0x000000076f539700,0x0000000770f00000)
  from space 10240K, 99% used [0x0000000771900000,0x00000007722fb1a8,0x0000000772300000)
  to   space 10240K, 0% used [0x0000000770f00000,0x0000000770f00000,0x0000000771900000)
 ParOldGen       total 91648K, used 19711K [0x00000006c7000000, 0x00000006cc980000, 0x000000076d000000)
  object space 91648K, 21% used [0x00000006c7000000,0x00000006c833fcd0,0x00000006cc980000)
 Metaspace       used 26334K, capacity 28228K, committed 28288K, reserved 1073152K
  class space    used 3616K, capacity 3941K, committed 3968K, reserved 1048576K
GC Heap History (6 events):
Event: 11.095 GC heap before
{Heap before GC invocations=1 (full 0):
 PSYoungGen      total 74752K, used 62107K [0x000000076d000000, 0x0000000772300000, 0x00000007c0000000)
  eden space 64512K, 96% used [0x000000076d000000,0x0000000770ca6c70,0x0000000770f00000)
  from space 10240K, 0% used [0x0000000771900000,0x0000000771900000,0x0000000772300000)
  to   space 10240K, 0% used [0x0000000770f00000,0x0000000770f00000,0x0000000771900000)
 ParOldGen       total 171008K, used 0K [0x00000006c7000000, 0x00000006d1700000, 0x000000076d000000)
  object space 171008K, 0% used [0x00000006c7000000,0x00000006c7000000,0x00000006d1700000)
 Metaspace       used 20200K, capacity 21156K, committed 21296K, reserved 1067008K
  class space    used 2888K, capacity 3119K, committed 3200K, reserved 1048576K
Event: 11.106 GC heap after
Heap after GC invocations=1 (full 0):
 PSYoungGen      total 74752K, used 9664K [0x000000076d000000, 0x0000000772300000, 0x00000007c0000000)
  eden space 64512K, 0% used [0x000000076d000000,0x000000076d000000,0x0000000770f00000)
  from space 10240K, 94% used [0x0000000770f00000,0x0000000771870388,0x0000000771900000)
  to   space 10240K, 0% used [0x0000000771900000,0x0000000771900000,0x0000000772300000)
 ParOldGen       total 171008K, used 9809K [0x00000006c7000000, 0x00000006d1700000, 0x000000076d000000)
  object space 171008K, 5% used [0x00000006c7000000,0x00000006c7994440,0x00000006d1700000)
 Metaspace       used 20200K, capacity 21156K, committed 21296K, reserved 1067008K
  class space    used 2888K, capacity 3119K, committed 3200K, reserved 1048576K
}
Event: 11.106 GC heap before
{Heap before GC invocations=2 (full 1):
 PSYoungGen      total 74752K, used 9664K [0x000000076d000000, 0x0000000772300000, 0x00000007c0000000)
  eden space 64512K, 0% used [0x000000076d000000,0x000000076d000000,0x0000000770f00000)
  from space 10240K, 94% used [0x0000000770f00000,0x0000000771870388,0x0000000771900000)
  to   space 10240K, 0% used [0x0000000771900000,0x0000000771900000,0x0000000772300000)
 ParOldGen       total 171008K, used 9809K [0x00000006c7000000, 0x00000006d1700000, 0x000000076d000000)
  object space 171008K, 5% used [0x00000006c7000000,0x00000006c7994440,0x00000006d1700000)
 Metaspace       used 20200K, capacity 21156K, committed 21296K, reserved 1067008K
  class space    used 2888K, capacity 3119K, committed 3200K, reserved 1048576K
Event: 11.136 GC heap after
Heap after GC invocations=2 (full 1):
 PSYoungGen      total 74752K, used 0K [0x000000076d000000, 0x0000000772300000, 0x00000007c0000000)
  eden space 64512K, 0% used [0x000000076d000000,0x000000076d000000,0x0000000770f00000)
  from space 10240K, 0% used [0x0000000770f00000,0x0000000770f00000,0x0000000771900000)
  to   space 10240K, 0% used [0x0000000771900000,0x0000000771900000,0x0000000772300000)
 ParOldGen       total 91648K, used 17293K [0x00000006c7000000, 0x00000006cc980000, 0x000000076d000000)
  object space 91648K, 18% used [0x00000006c7000000,0x00000006c80e3780,0x00000006cc980000)
 Metaspace       used 20200K, capacity 21156K, committed 21296K, reserved 1067008K
  class space    used 2888K, capacity 3119K, committed 3200K, reserved 1048576K
}
Event: 22.082 GC heap before
{Heap before GC invocations=3 (full 1):
 PSYoungGen      total 74752K, used 64512K [0x000000076d000000, 0x0000000772300000, 0x00000007c0000000)
  eden space 64512K, 100% used [0x000000076d000000,0x0000000770f00000,0x0000000770f00000)
  from space 10240K, 0% used [0x0000000770f00000,0x0000000770f00000,0x0000000771900000)
  to   space 10240K, 0% used [0x0000000771900000,0x0000000771900000,0x0000000772300000)
 ParOldGen       total 91648K, used 17293K [0x00000006c7000000, 0x00000006cc980000, 0x000000076d000000)
  object space 91648K, 18% used [0x00000006c7000000,0x00000006c80e3780,0x00000006cc980000)
 Metaspace       used 24151K, capacity 25792K, committed 25984K, reserved 1071104K
  class space    used 3362K, capacity 3647K, committed 3712K, reserved 1048576K
Event: 22.096 GC heap after
Heap after GC invocations=3 (full 1):
 PSYoungGen      total 74752K, used 10220K [0x000000076d000000, 0x0000000772300000, 0x00000007c0000000)
  eden space 64512K, 0% used [0x000000076d000000,0x000000076d000000,0x0000000770f00000)
  from space 10240K, 99% used [0x0000000771900000,0x00000007722fb1a8,0x0000000772300000)
  to   space 10240K, 0% used [0x0000000770f00000,0x0000000770f00000,0x0000000771900000)
 ParOldGen       total 91648K, used 19711K [0x00000006c7000000, 0x00000006cc980000, 0x000000076d000000)
  object space 91648K, 21% used [0x00000006c7000000,0x00000006c833fcd0,0x00000006cc980000)
 Metaspace       used 24151K, capacity 25792K, committed 25984K, reserved 1071104K
  class space    used 3362K, capacity 3647K, committed 3712K, reserved 1048576K
}

