# JRE version: Java(TM) SE Runtime Environment (8.0_201-b09) (build 1.8.0_201-b09)
# Java VM: Java HotSpot(TM) 64-Bit Server VM (25.201-b09 mixed mode windows-amd64 compressed oops)
Heap:
 PSYoungGen      total 74752K, used 25325K [0x000000076d000000, 0x0000000772300000, 0x00000007c0000000)
  eden space 64512K, 23% used [0x000000076d000000,0x000000076debc9f8,0x0000000770f00000)
  from space 10240K, 99% used [0x0000000770f00000,0x00000007718feaa0,0x0000000771900000)
  to   space 10240K, 0% used [0x0000000771900000,0x0000000771900000,0x0000000772300000)
 ParOldGen       total 80896K, used 28548K [0x00000006c7000000, 0x00000006cbf00000, 0x000000076d000000)
  object space 80896K, 35% used [0x00000006c7000000,0x00000006c8be1260,0x00000006cbf00000)
 Metaspace       used 29979K, capacity 31820K, committed 32048K, reserved 1077248K
  class space    used 3976K, capacity 4321K, committed 4400K, reserved 1048576K
GC Heap History (8 events):
Event: 4.509 GC heap before
{Heap before GC invocations=1 (full 0):
 PSYoungGen      total 74752K, used 53563K [0x000000076d000000, 0x0000000772300000, 0x00000007c0000000)
  eden space 64512K, 83% used [0x000000076d000000,0x000000077044eeb8,0x0000000770f00000)
  from space 10240K, 0% used [0x0000000771900000,0x0000000771900000,0x0000000772300000)
  to   space 10240K, 0% used [0x0000000770f00000,0x0000000770f00000,0x0000000771900000)
 ParOldGen       total 171008K, used 0K [0x00000006c7000000, 0x00000006d1700000, 0x000000076d000000)
  object space 171008K, 0% used [0x00000006c7000000,0x00000006c7000000,0x00000006d1700000)
 Metaspace       used 20266K, capacity 21282K, committed 21296K, reserved 1067008K
  class space    used 2883K, capacity 3108K, committed 3120K, reserved 1048576K
Event: 4.517 GC heap after
Heap after GC invocations=1 (full 0):
 PSYoungGen      total 74752K, used 10175K [0x000000076d000000, 0x0000000772300000, 0x00000007c0000000)
  eden space 64512K, 0% used [0x000000076d000000,0x000000076d000000,0x0000000770f00000)
  from space 10240K, 99% used [0x0000000770f00000,0x00000007718efd68,0x0000000771900000)
  to   space 10240K, 0% used [0x0000000771900000,0x0000000771900000,0x0000000772300000)
 ParOldGen       total 171008K, used 4184K [0x00000006c7000000, 0x00000006d1700000, 0x000000076d000000)
  object space 171008K, 2% used [0x00000006c7000000,0x00000006c7416030,0x00000006d1700000)
 Metaspace       used 20266K, capacity 21282K, committed 21296K, reserved 1067008K
  class space    used 2883K, capacity 3108K, committed 3120K, reserved 1048576K
}
Event: 4.517 GC heap before
{Heap before GC invocations=2 (full 1):
 PSYoungGen      total 74752K, used 10175K [0x000000076d000000, 0x0000000772300000, 0x00000007c0000000)
  eden space 64512K, 0% used [0x000000076d000000,0x000000076d000000,0x0000000770f00000)
  from space 10240K, 99% used [0x0000000770f00000,0x00000007718efd68,0x0000000771900000)
  to   space 10240K, 0% used [0x0000000771900000,0x0000000771900000,0x0000000772300000)
 ParOldGen       total 171008K, used 4184K [0x00000006c7000000, 0x00000006d1700000, 0x000000076d000000)
  object space 171008K, 2% used [0x00000006c7000000,0x00000006c7416030,0x00000006d1700000)
 Metaspace       used 20266K, capacity 21282K, committed 21296K, reserved 1067008K
  class space    used 2883K, capacity 3108K, committed 3120K, reserved 1048576K
Event: 4.544 GC heap after
Heap after GC invocations=2 (full 1):
 PSYoungGen      total 74752K, used 0K [0x000000076d000000, 0x0000000772300000, 0x00000007c0000000)
  eden space 64512K, 0% used [0x000000076d000000,0x000000076d000000,0x0000000770f00000)
  from space 10240K, 0% used [0x0000000770f00000,0x0000000770f00000,0x0000000771900000)
  to   space 10240K, 0% used [0x0000000771900000,0x0000000771900000,0x0000000772300000)
 ParOldGen       total 80896K, used 12099K [0x00000006c7000000, 0x00000006cbf00000, 0x000000076d000000)
  object space 80896K, 14% used [0x00000006c7000000,0x00000006c7bd0fe0,0x00000006cbf00000)
 Metaspace       used 20266K, capacity 21282K, committed 21296K, reserved 1067008K
  class space    used 2883K, capacity 3108K, committed 3120K, reserved 1048576K
}
Event: 16.831 GC heap before
{Heap before GC invocations=3 (full 1):
 PSYoungGen      total 74752K, used 64512K [0x000000076d000000, 0x0000000772300000, 0x00000007c0000000)
  eden space 64512K, 100% used [0x000000076d000000,0x0000000770f00000,0x0000000770f00000)
  from space 10240K, 0% used [0x0000000770f00000,0x0000000770f00000,0x0000000771900000)
  to   space 10240K, 0% used [0x0000000771900000,0x0000000771900000,0x0000000772300000)
 ParOldGen       total 80896K, used 12099K [0x00000006c7000000, 0x00000006cbf00000, 0x000000076d000000)
  object space 80896K, 14% used [0x00000006c7000000,0x00000006c7bd0fe0,0x00000006cbf00000)
 Metaspace       used 27245K, capacity 28762K, committed 28848K, reserved 1075200K
  class space    used 3681K, capacity 3968K, committed 4016K, reserved 1048576K
Event: 16.845 GC heap after
Heap after GC invocations=3 (full 1):
 PSYoungGen      total 74752K, used 10214K [0x000000076d000000, 0x0000000772300000, 0x00000007c0000000)
  eden space 64512K, 0% used [0x000000076d000000,0x000000076d000000,0x0000000770f00000)
  from space 10240K, 99% used [0x0000000771900000,0x00000007722f9aa8,0x0000000772300000)
  to   space 10240K, 0% used [0x0000000770f00000,0x0000000770f00000,0x0000000771900000)
 ParOldGen       total 80896K, used 14437K [0x00000006c7000000, 0x00000006cbf00000, 0x000000076d000000)
  object space 80896K, 17% used [0x00000006c7000000,0x00000006c7e196f8,0x00000006cbf00000)
 Metaspace       used 27245K, capacity 28762K, committed 28848K, reserved 1075200K
  class space    used 3681K, capacity 3968K, committed 4016K, reserved 1048576K
}
Event: 69.576 GC heap before
{Heap before GC invocations=4 (full 1):
 PSYoungGen      total 74752K, used 74726K [0x000000076d000000, 0x0000000772300000, 0x00000007c0000000)
  eden space 64512K, 100% used [0x000000076d000000,0x0000000770f00000,0x0000000770f00000)
  from space 10240K, 99% used [0x0000000771900000,0x00000007722f9aa8,0x0000000772300000)
  to   space 10240K, 0% used [0x0000000770f00000,0x0000000770f00000,0x0000000771900000)
 ParOldGen       total 80896K, used 14437K [0x00000006c7000000, 0x00000006cbf00000, 0x000000076d000000)
  object space 80896K, 17% used [0x00000006c7000000,0x00000006c7e196f8,0x00000006cbf00000)
 Metaspace       used 29868K, capacity 31682K, committed 31792K, reserved 1077248K
  class space    used 3975K, capacity 4320K, committed 4400K, reserved 1048576K
Event: 69.602 GC heap after
Heap after GC invocations=4 (full 1):
 PSYoungGen      total 74752K, used 10234K [0x000000076d000000, 0x0000000772300000, 0x00000007c0000000)
  eden space 64512K, 0% used [0x000000076d000000,0x000000076d000000,0x0000000770f00000)
  from space 10240K, 99% used [0x0000000770f00000,0x00000007718feaa0,0x0000000771900000)
  to   space 10240K, 0% used [0x0000000771900000,0x0000000771900000,0x0000000772300000)
 ParOldGen       total 80896K, used 28548K [0x00000006c7000000, 0x00000006cbf00000, 0x000000076d000000)
  object space 80896K, 35% used [0x00000006c7000000,0x00000006c8be1260,0x00000006cbf00000)
 Metaspace       used 29868K, capacity 31682K, committed 31792K, reserved 1077248K
  class space    used 3975K, capacity 4320K, committed 4400K, reserved 1048576K
}

