# JRE version: Java(TM) SE Runtime Environment (8.0_201-b09) (build 1.8.0_201-b09)
# Java VM: Java HotSpot(TM) 64-Bit Server VM (25.201-b09 mixed mode windows-amd64 compressed oops)
Heap:
 PSYoungGen      total 74752K, used 54954K [0x000000076d000000, 0x0000000772e00000, 0x00000007c0000000)
  eden space 64512K, 69% used [0x000000076d000000,0x000000076fbb10c0,0x0000000770f00000)
  from space 10240K, 99% used [0x0000000771900000,0x00000007722f9a98,0x0000000772300000)
  to   space 10240K, 0% used [0x0000000770f00000,0x0000000770f00000,0x0000000771900000)
 ParOldGen       total 130560K, used 16305K [0x00000006c7000000, 0x00000006cef80000, 0x000000076d000000)
  object space 130560K, 12% used [0x00000006c7000000,0x00000006c7fec530,0x00000006cef80000)
 Metaspace       used 30437K, capacity 32184K, committed 32384K, reserved 1077248K
  class space    used 4049K, capacity 4369K, committed 4480K, reserved 1048576K
GC Heap History (6 events):
Event: 1.840 GC heap before
{Heap before GC invocations=1 (full 0):
 PSYoungGen      total 74752K, used 55558K [0x000000076d000000, 0x0000000772300000, 0x00000007c0000000)
  eden space 64512K, 86% used [0x000000076d000000,0x00000007706418b8,0x0000000770f00000)
  from space 10240K, 0% used [0x0000000771900000,0x0000000771900000,0x0000000772300000)
  to   space 10240K, 0% used [0x0000000770f00000,0x0000000770f00000,0x0000000771900000)
 ParOldGen       total 171008K, used 0K [0x00000006c7000000, 0x00000006d1700000, 0x000000076d000000)
  object space 171008K, 0% used [0x00000006c7000000,0x00000006c7000000,0x00000006d1700000)
 Metaspace       used 20246K, capacity 21254K, committed 21296K, reserved 1067008K
  class space    used 2933K, capacity 3178K, committed 3200K, reserved 1048576K
Event: 1.849 GC heap after
Heap after GC invocations=1 (full 0):
 PSYoungGen      total 74752K, used 10217K [0x000000076d000000, 0x0000000772300000, 0x00000007c0000000)
  eden space 64512K, 0% used [0x000000076d000000,0x000000076d000000,0x0000000770f00000)
  from space 10240K, 99% used [0x0000000770f00000,0x00000007718fa798,0x0000000771900000)
  to   space 10240K, 0% used [0x0000000771900000,0x0000000771900000,0x0000000772300000)
 ParOldGen       total 171008K, used 5180K [0x00000006c7000000, 0x00000006d1700000, 0x000000076d000000)
  object space 171008K, 3% used [0x00000006c7000000,0x00000006c750f1e8,0x00000006d1700000)
 Metaspace       used 20246K, capacity 21254K, committed 21296K, reserved 1067008K
  class space    used 2933K, capacity 3178K, committed 3200K, reserved 1048576K
}
Event: 1.849 GC heap before
{Heap before GC invocations=2 (full 1):
 PSYoungGen      total 74752K, used 10217K [0x000000076d000000, 0x0000000772300000, 0x00000007c0000000)
  eden space 64512K, 0% used [0x000000076d000000,0x000000076d000000,0x0000000770f00000)
  from space 10240K, 99% used [0x0000000770f00000,0x00000007718fa798,0x0000000771900000)
  to   space 10240K, 0% used [0x0000000771900000,0x0000000771900000,0x0000000772300000)
 ParOldGen       total 171008K, used 5180K [0x00000006c7000000, 0x00000006d1700000, 0x000000076d000000)
  object space 171008K, 3% used [0x00000006c7000000,0x00000006c750f1e8,0x00000006d1700000)
 Metaspace       used 20246K, capacity 21254K, committed 21296K, reserved 1067008K
  class space    used 2933K, capacity 3178K, committed 3200K, reserved 1048576K
Event: 1.875 GC heap after
Heap after GC invocations=2 (full 1):
 PSYoungGen      total 74752K, used 0K [0x000000076d000000, 0x0000000772300000, 0x00000007c0000000)
  eden space 64512K, 0% used [0x000000076d000000,0x000000076d000000,0x0000000770f00000)
  from space 10240K, 0% used [0x0000000770f00000,0x0000000770f00000,0x0000000771900000)
  to   space 10240K, 0% used [0x0000000771900000,0x0000000771900000,0x0000000772300000)
 ParOldGen       total 130560K, used 13151K [0x00000006c7000000, 0x00000006cef80000, 0x000000076d000000)
  object space 130560K, 10% used [0x00000006c7000000,0x00000006c7cd7c10,0x00000006cef80000)
 Metaspace       used 20246K, capacity 21254K, committed 21296K, reserved 1067008K
  class space    used 2933K, capacity 3178K, committed 3200K, reserved 1048576K
}
Event: 16.642 GC heap before
{Heap before GC invocations=3 (full 1):
 PSYoungGen      total 74752K, used 64512K [0x000000076d000000, 0x0000000772300000, 0x00000007c0000000)
  eden space 64512K, 100% used [0x000000076d000000,0x0000000770f00000,0x0000000770f00000)
  from space 10240K, 0% used [0x0000000770f00000,0x0000000770f00000,0x0000000771900000)
  to   space 10240K, 0% used [0x0000000771900000,0x0000000771900000,0x0000000772300000)
 ParOldGen       total 130560K, used 13151K [0x00000006c7000000, 0x00000006cef80000, 0x000000076d000000)
  object space 130560K, 10% used [0x00000006c7000000,0x00000006c7cd7c10,0x00000006cef80000)
 Metaspace       used 27932K, capacity 29462K, committed 29696K, reserved 1075200K
  class space    used 3776K, capacity 4052K, committed 4096K, reserved 1048576K
Event: 16.653 GC heap after
Heap after GC invocations=3 (full 1):
 PSYoungGen      total 74752K, used 10214K [0x000000076d000000, 0x0000000772e00000, 0x00000007c0000000)
  eden space 64512K, 0% used [0x000000076d000000,0x000000076d000000,0x0000000770f00000)
  from space 10240K, 99% used [0x0000000771900000,0x00000007722f9a98,0x0000000772300000)
  to   space 10240K, 0% used [0x0000000770f00000,0x0000000770f00000,0x0000000771900000)
 ParOldGen       total 130560K, used 16305K [0x00000006c7000000, 0x00000006cef80000, 0x000000076d000000)
  object space 130560K, 12% used [0x00000006c7000000,0x00000006c7fec530,0x00000006cef80000)
 Metaspace       used 27932K, capacity 29462K, committed 29696K, reserved 1075200K
  class space    used 3776K, capacity 4052K, committed 4096K, reserved 1048576K
}

