# JRE version: Java(TM) SE Runtime Environment (8.0_201-b09) (build 1.8.0_201-b09)
# Java VM: Java HotSpot(TM) 64-Bit Server VM (25.201-b09 mixed mode windows-amd64 compressed oops)
Heap:
 PSYoungGen      total 74752K, used 45626K [0x000000076d000000, 0x0000000772300000, 0x00000007c0000000)
  eden space 64512K, 54% used [0x000000076d000000,0x000000076f293930,0x0000000770f00000)
  from space 10240K, 99% used [0x0000000771900000,0x00000007722fb1a8,0x0000000772300000)
  to   space 10240K, 0% used [0x0000000770f00000,0x0000000770f00000,0x0000000771900000)
 ParOldGen       total 91648K, used 19902K [0x00000006c7000000, 0x00000006cc980000, 0x000000076d000000)
  object space 91648K, 21% used [0x00000006c7000000,0x00000006c836fab0,0x00000006cc980000)
 Metaspace       used 26333K, capacity 28196K, committed 28416K, reserved 1073152K
  class space    used 3618K, capacity 3973K, committed 4096K, reserved 1048576K
GC Heap History (6 events):
Event: 10.794 GC heap before
{Heap before GC invocations=1 (full 0):
 PSYoungGen      total 74752K, used 62030K [0x000000076d000000, 0x0000000772300000, 0x00000007c0000000)
  eden space 64512K, 96% used [0x000000076d000000,0x0000000770c93820,0x0000000770f00000)
  from space 10240K, 0% used [0x0000000771900000,0x0000000771900000,0x0000000772300000)
  to   space 10240K, 0% used [0x0000000770f00000,0x0000000770f00000,0x0000000771900000)
 ParOldGen       total 171008K, used 0K [0x00000006c7000000, 0x00000006d1700000, 0x000000076d000000)
  object space 171008K, 0% used [0x00000006c7000000,0x00000006c7000000,0x00000006d1700000)
 Metaspace       used 20205K, capacity 21160K, committed 21296K, reserved 1067008K
  class space    used 2888K, capacity 3119K, committed 3200K, reserved 1048576K
Event: 10.803 GC heap after
Heap after GC invocations=1 (full 0):
 PSYoungGen      total 74752K, used 9808K [0x000000076d000000, 0x0000000772300000, 0x00000007c0000000)
  eden space 64512K, 0% used [0x000000076d000000,0x000000076d000000,0x0000000770f00000)
  from space 10240K, 95% used [0x0000000770f00000,0x0000000771894358,0x0000000771900000)
  to   space 10240K, 0% used [0x0000000771900000,0x0000000771900000,0x0000000772300000)
 ParOldGen       total 171008K, used 9809K [0x00000006c7000000, 0x00000006d1700000, 0x000000076d000000)
  object space 171008K, 5% used [0x00000006c7000000,0x00000006c7994440,0x00000006d1700000)
 Metaspace       used 20205K, capacity 21160K, committed 21296K, reserved 1067008K
  class space    used 2888K, capacity 3119K, committed 3200K, reserved 1048576K
}
Event: 10.803 GC heap before
{Heap before GC invocations=2 (full 1):
 PSYoungGen      total 74752K, used 9808K [0x000000076d000000, 0x0000000772300000, 0x00000007c0000000)
  eden space 64512K, 0% used [0x000000076d000000,0x000000076d000000,0x0000000770f00000)
  from space 10240K, 95% used [0x0000000770f00000,0x0000000771894358,0x0000000771900000)
  to   space 10240K, 0% used [0x0000000771900000,0x0000000771900000,0x0000000772300000)
 ParOldGen       total 171008K, used 9809K [0x00000006c7000000, 0x00000006d1700000, 0x000000076d000000)
  object space 171008K, 5% used [0x00000006c7000000,0x00000006c7994440,0x00000006d1700000)
 Metaspace       used 20205K, capacity 21160K, committed 21296K, reserved 1067008K
  class space    used 2888K, capacity 3119K, committed 3200K, reserved 1048576K
Event: 10.834 GC heap after
Heap after GC invocations=2 (full 1):
 PSYoungGen      total 74752K, used 0K [0x000000076d000000, 0x0000000772300000, 0x00000007c0000000)
  eden space 64512K, 0% used [0x000000076d000000,0x000000076d000000,0x0000000770f00000)
  from space 10240K, 0% used [0x0000000770f00000,0x0000000770f00000,0x0000000771900000)
  to   space 10240K, 0% used [0x0000000771900000,0x0000000771900000,0x0000000772300000)
 ParOldGen       total 91648K, used 17319K [0x00000006c7000000, 0x00000006cc980000, 0x000000076d000000)
  object space 91648K, 18% used [0x00000006c7000000,0x00000006c80e9e00,0x00000006cc980000)
 Metaspace       used 20205K, capacity 21160K, committed 21296K, reserved 1067008K
  class space    used 2888K, capacity 3119K, committed 3200K, reserved 1048576K
}
Event: 20.520 GC heap before
{Heap before GC invocations=3 (full 1):
 PSYoungGen      total 74752K, used 64512K [0x000000076d000000, 0x0000000772300000, 0x00000007c0000000)
  eden space 64512K, 100% used [0x000000076d000000,0x0000000770f00000,0x0000000770f00000)
  from space 10240K, 0% used [0x0000000770f00000,0x0000000770f00000,0x0000000771900000)
  to   space 10240K, 0% used [0x0000000771900000,0x0000000771900000,0x0000000772300000)
 ParOldGen       total 91648K, used 17319K [0x00000006c7000000, 0x00000006cc980000, 0x000000076d000000)
  object space 91648K, 18% used [0x00000006c7000000,0x00000006c80e9e00,0x00000006cc980000)
 Metaspace       used 24766K, capacity 26412K, committed 26624K, reserved 1073152K
  class space    used 3435K, capacity 3779K, committed 3840K, reserved 1048576K
Event: 20.538 GC heap after
Heap after GC invocations=3 (full 1):
 PSYoungGen      total 74752K, used 10220K [0x000000076d000000, 0x0000000772300000, 0x00000007c0000000)
  eden space 64512K, 0% used [0x000000076d000000,0x000000076d000000,0x0000000770f00000)
  from space 10240K, 99% used [0x0000000771900000,0x00000007722fb1a8,0x0000000772300000)
  to   space 10240K, 0% used [0x0000000770f00000,0x0000000770f00000,0x0000000771900000)
 ParOldGen       total 91648K, used 19902K [0x00000006c7000000, 0x00000006cc980000, 0x000000076d000000)
  object space 91648K, 21% used [0x00000006c7000000,0x00000006c836fab0,0x00000006cc980000)
 Metaspace       used 24766K, capacity 26412K, committed 26624K, reserved 1073152K
  class space    used 3435K, capacity 3779K, committed 3840K, reserved 1048576K
}

