# JRE version: Java(TM) SE Runtime Environment (8.0_201-b09) (build 1.8.0_201-b09)
# Java VM: Java HotSpot(TM) 64-Bit Server VM (25.201-b09 mixed mode windows-amd64 compressed oops)
Heap:
 PSYoungGen      total 74752K, used 53613K [0x000000076d000000, 0x0000000772300000, 0x00000007c0000000)
  eden space 64512K, 67% used [0x000000076d000000,0x000000076fa5ee58,0x0000000770f00000)
  from space 10240K, 99% used [0x0000000771900000,0x00000007722fc910,0x0000000772300000)
  to   space 10240K, 0% used [0x0000000770f00000,0x0000000770f00000,0x0000000771900000)
 ParOldGen       total 91136K, used 19554K [0x00000006c7000000, 0x00000006cc900000, 0x000000076d000000)
  object space 91136K, 21% used [0x00000006c7000000,0x00000006c8318980,0x00000006cc900000)
 Metaspace       used 26412K, capacity 28260K, committed 28416K, reserved 1073152K
  class space    used 3616K, capacity 3973K, committed 4096K, reserved 1048576K
GC Heap History (6 events):
Event: 9.871 GC heap before
{Heap before GC invocations=1 (full 0):
 PSYoungGen      total 74752K, used 61891K [0x000000076d000000, 0x0000000772300000, 0x00000007c0000000)
  eden space 64512K, 95% used [0x000000076d000000,0x0000000770c70ec8,0x0000000770f00000)
  from space 10240K, 0% used [0x0000000771900000,0x0000000771900000,0x0000000772300000)
  to   space 10240K, 0% used [0x0000000770f00000,0x0000000770f00000,0x0000000771900000)
 ParOldGen       total 171008K, used 0K [0x00000006c7000000, 0x00000006d1700000, 0x000000076d000000)
  object space 171008K, 0% used [0x00000006c7000000,0x00000006c7000000,0x00000006d1700000)
 Metaspace       used 20157K, capacity 21160K, committed 21296K, reserved 1067008K
  class space    used 2886K, capacity 3119K, committed 3200K, reserved 1048576K
Event: 9.888 GC heap after
Heap after GC invocations=1 (full 0):
 PSYoungGen      total 74752K, used 10209K [0x000000076d000000, 0x0000000772300000, 0x00000007c0000000)
  eden space 64512K, 0% used [0x000000076d000000,0x000000076d000000,0x0000000770f00000)
  from space 10240K, 99% used [0x0000000770f00000,0x00000007718f8468,0x0000000771900000)
  to   space 10240K, 0% used [0x0000000771900000,0x0000000771900000,0x0000000772300000)
 ParOldGen       total 171008K, used 9191K [0x00000006c7000000, 0x00000006d1700000, 0x000000076d000000)
  object space 171008K, 5% used [0x00000006c7000000,0x00000006c78f9f28,0x00000006d1700000)
 Metaspace       used 20157K, capacity 21160K, committed 21296K, reserved 1067008K
  class space    used 2886K, capacity 3119K, committed 3200K, reserved 1048576K
}
Event: 9.888 GC heap before
{Heap before GC invocations=2 (full 1):
 PSYoungGen      total 74752K, used 10209K [0x000000076d000000, 0x0000000772300000, 0x00000007c0000000)
  eden space 64512K, 0% used [0x000000076d000000,0x000000076d000000,0x0000000770f00000)
  from space 10240K, 99% used [0x0000000770f00000,0x00000007718f8468,0x0000000771900000)
  to   space 10240K, 0% used [0x0000000771900000,0x0000000771900000,0x0000000772300000)
 ParOldGen       total 171008K, used 9191K [0x00000006c7000000, 0x00000006d1700000, 0x000000076d000000)
  object space 171008K, 5% used [0x00000006c7000000,0x00000006c78f9f28,0x00000006d1700000)
 Metaspace       used 20157K, capacity 21160K, committed 21296K, reserved 1067008K
  class space    used 2886K, capacity 3119K, committed 3200K, reserved 1048576K
Event: 9.913 GC heap after
Heap after GC invocations=2 (full 1):
 PSYoungGen      total 74752K, used 0K [0x000000076d000000, 0x0000000772300000, 0x00000007c0000000)
  eden space 64512K, 0% used [0x000000076d000000,0x000000076d000000,0x0000000770f00000)
  from space 10240K, 0% used [0x0000000770f00000,0x0000000770f00000,0x0000000771900000)
  to   space 10240K, 0% used [0x0000000771900000,0x0000000771900000,0x0000000772300000)
 ParOldGen       total 91136K, used 17299K [0x00000006c7000000, 0x00000006cc900000, 0x000000076d000000)
  object space 91136K, 18% used [0x00000006c7000000,0x00000006c80e4e60,0x00000006cc900000)
 Metaspace       used 20157K, capacity 21160K, committed 21296K, reserved 1067008K
  class space    used 2886K, capacity 3119K, committed 3200K, reserved 1048576K
}
Event: 24.411 GC heap before
{Heap before GC invocations=3 (full 1):
 PSYoungGen      total 74752K, used 64512K [0x000000076d000000, 0x0000000772300000, 0x00000007c0000000)
  eden space 64512K, 100% used [0x000000076d000000,0x0000000770f00000,0x0000000770f00000)
  from space 10240K, 0% used [0x0000000770f00000,0x0000000770f00000,0x0000000771900000)
  to   space 10240K, 0% used [0x0000000771900000,0x0000000771900000,0x0000000772300000)
 ParOldGen       total 91136K, used 17299K [0x00000006c7000000, 0x00000006cc900000, 0x000000076d000000)
  object space 91136K, 18% used [0x00000006c7000000,0x00000006c80e4e60,0x00000006cc900000)
 Metaspace       used 23852K, capacity 25434K, committed 25728K, reserved 1071104K
  class space    used 3289K, capacity 3586K, committed 3712K, reserved 1048576K
Event: 24.425 GC heap after
Heap after GC invocations=3 (full 1):
 PSYoungGen      total 74752K, used 10226K [0x000000076d000000, 0x0000000772300000, 0x00000007c0000000)
  eden space 64512K, 0% used [0x000000076d000000,0x000000076d000000,0x0000000770f00000)
  from space 10240K, 99% used [0x0000000771900000,0x00000007722fc910,0x0000000772300000)
  to   space 10240K, 0% used [0x0000000770f00000,0x0000000770f00000,0x0000000771900000)
 ParOldGen       total 91136K, used 19554K [0x00000006c7000000, 0x00000006cc900000, 0x000000076d000000)
  object space 91136K, 21% used [0x00000006c7000000,0x00000006c8318980,0x00000006cc900000)
 Metaspace       used 23852K, capacity 25434K, committed 25728K, reserved 1071104K
  class space    used 3289K, capacity 3586K, committed 3712K, reserved 1048576K
}

